running egg_info
creating ../build/apriltag_detection/apriltag_detection.egg-info
writing ../build/apriltag_detection/apriltag_detection.egg-info/PKG-INFO
writing dependency_links to ../build/apriltag_detection/apriltag_detection.egg-info/dependency_links.txt
writing entry points to ../build/apriltag_detection/apriltag_detection.egg-info/entry_points.txt
writing requirements to ../build/apriltag_detection/apriltag_detection.egg-info/requires.txt
writing top-level names to ../build/apriltag_detection/apriltag_detection.egg-info/top_level.txt
writing manifest file '../build/apriltag_detection/apriltag_detection.egg-info/SOURCES.txt'
reading manifest file '../build/apriltag_detection/apriltag_detection.egg-info/SOURCES.txt'
writing manifest file '../build/apriltag_detection/apriltag_detection.egg-info/SOURCES.txt'
running build
running build_py
creating /home/clara/ros2_ws/src/build/apriltag_detection/build/lib/apriltag_detection
copying apriltag_detection/apriltag_detector.py -> /home/clara/ros2_ws/src/build/apriltag_detection/build/lib/apriltag_detection
copying apriltag_detection/__init__.py -> /home/clara/ros2_ws/src/build/apriltag_detection/build/lib/apriltag_detection
running install
running install_lib
creating /home/clara/ros2_ws/src/install/apriltag_detection/lib/python3.10/site-packages/apriltag_detection
copying /home/clara/ros2_ws/src/build/apriltag_detection/build/lib/apriltag_detection/apriltag_detector.py -> /home/clara/ros2_ws/src/install/apriltag_detection/lib/python3.10/site-packages/apriltag_detection
copying /home/clara/ros2_ws/src/build/apriltag_detection/build/lib/apriltag_detection/__init__.py -> /home/clara/ros2_ws/src/install/apriltag_detection/lib/python3.10/site-packages/apriltag_detection
byte-compiling /home/clara/ros2_ws/src/install/apriltag_detection/lib/python3.10/site-packages/apriltag_detection/apriltag_detector.py to apriltag_detector.cpython-310.pyc
byte-compiling /home/clara/ros2_ws/src/install/apriltag_detection/lib/python3.10/site-packages/apriltag_detection/__init__.py to __init__.cpython-310.pyc
running install_data
copying package.xml -> /home/clara/ros2_ws/src/install/apriltag_detection/share/apriltag_detection
creating /home/clara/ros2_ws/src/install/apriltag_detection/share/ament_index/resource_index/packages
copying resource/apriltag_detection -> /home/clara/ros2_ws/src/install/apriltag_detection/share/ament_index/resource_index/packages
running install_egg_info
Copying ../build/apriltag_detection/apriltag_detection.egg-info to /home/clara/ros2_ws/src/install/apriltag_detection/lib/python3.10/site-packages/apriltag_detection-0.0.1-py3.10.egg-info
running install_scripts
Installing apriltag_detector script to /home/clara/ros2_ws/src/install/apriltag_detection/lib/apriltag_detection
writing list of installed files to '/home/clara/ros2_ws/src/build/apriltag_detection/install.log'
