[2.031s] Invoking command in '/home/clara/ros2_ws/src/apriltag_detection': PYTHONPATH=/home/clara/ros2_ws/src/build/apriltag_detection/prefix_override:/usr/lib/python3/dist-packages/colcon_core/task/python/colcon_distutils_commands:/home/clara/ros2_ws/src/install/apriltag_detection/lib/python3.10/site-packages:${PYTHONPATH} /usr/bin/python3 -W ignore:setup.py install is deprecated -W ignore:easy_install command is deprecated setup.py egg_info --egg-base ../build/apriltag_detection build --build-base /home/clara/ros2_ws/src/build/apriltag_detection/build install --record /home/clara/ros2_ws/src/build/apriltag_detection/install.log --single-version-externally-managed install_data
[2.332s] running egg_info
[2.351s] creating ../build/apriltag_detection/apriltag_detection.egg-info
[2.351s] writing ../build/apriltag_detection/apriltag_detection.egg-info/PKG-INFO
[2.352s] writing dependency_links to ../build/apriltag_detection/apriltag_detection.egg-info/dependency_links.txt
[2.352s] writing entry points to ../build/apriltag_detection/apriltag_detection.egg-info/entry_points.txt
[2.352s] writing requirements to ../build/apriltag_detection/apriltag_detection.egg-info/requires.txt
[2.352s] writing top-level names to ../build/apriltag_detection/apriltag_detection.egg-info/top_level.txt
[2.352s] writing manifest file '../build/apriltag_detection/apriltag_detection.egg-info/SOURCES.txt'
[2.395s] reading manifest file '../build/apriltag_detection/apriltag_detection.egg-info/SOURCES.txt'
[2.396s] writing manifest file '../build/apriltag_detection/apriltag_detection.egg-info/SOURCES.txt'
[2.396s] running build
[2.396s] running build_py
[2.397s] creating /home/clara/ros2_ws/src/build/apriltag_detection/build/lib/apriltag_detection
[2.397s] copying apriltag_detection/apriltag_detector.py -> /home/clara/ros2_ws/src/build/apriltag_detection/build/lib/apriltag_detection
[2.397s] copying apriltag_detection/__init__.py -> /home/clara/ros2_ws/src/build/apriltag_detection/build/lib/apriltag_detection
[2.397s] running install
[2.404s] running install_lib
[2.422s] creating /home/clara/ros2_ws/src/install/apriltag_detection/lib/python3.10/site-packages/apriltag_detection
[2.422s] copying /home/clara/ros2_ws/src/build/apriltag_detection/build/lib/apriltag_detection/apriltag_detector.py -> /home/clara/ros2_ws/src/install/apriltag_detection/lib/python3.10/site-packages/apriltag_detection
[2.422s] copying /home/clara/ros2_ws/src/build/apriltag_detection/build/lib/apriltag_detection/__init__.py -> /home/clara/ros2_ws/src/install/apriltag_detection/lib/python3.10/site-packages/apriltag_detection
[2.423s] byte-compiling /home/clara/ros2_ws/src/install/apriltag_detection/lib/python3.10/site-packages/apriltag_detection/apriltag_detector.py to apriltag_detector.cpython-310.pyc
[2.424s] byte-compiling /home/clara/ros2_ws/src/install/apriltag_detection/lib/python3.10/site-packages/apriltag_detection/__init__.py to __init__.cpython-310.pyc
[2.425s] running install_data
[2.425s] copying package.xml -> /home/clara/ros2_ws/src/install/apriltag_detection/share/apriltag_detection
[2.425s] creating /home/clara/ros2_ws/src/install/apriltag_detection/share/ament_index/resource_index/packages
[2.425s] copying resource/apriltag_detection -> /home/clara/ros2_ws/src/install/apriltag_detection/share/ament_index/resource_index/packages
[2.425s] running install_egg_info
[2.447s] Copying ../build/apriltag_detection/apriltag_detection.egg-info to /home/clara/ros2_ws/src/install/apriltag_detection/lib/python3.10/site-packages/apriltag_detection-0.0.1-py3.10.egg-info
[2.448s] running install_scripts
[2.599s] Installing apriltag_detector script to /home/clara/ros2_ws/src/install/apriltag_detection/lib/apriltag_detection
[2.600s] writing list of installed files to '/home/clara/ros2_ws/src/build/apriltag_detection/install.log'
[2.646s] Invoked command in '/home/clara/ros2_ws/src/apriltag_detection' returned '0': PYTHONPATH=/home/clara/ros2_ws/src/build/apriltag_detection/prefix_override:/usr/lib/python3/dist-packages/colcon_core/task/python/colcon_distutils_commands:/home/clara/ros2_ws/src/install/apriltag_detection/lib/python3.10/site-packages:${PYTHONPATH} /usr/bin/python3 -W ignore:setup.py install is deprecated -W ignore:easy_install command is deprecated setup.py egg_info --egg-base ../build/apriltag_detection build --build-base /home/clara/ros2_ws/src/build/apriltag_detection/build install --record /home/clara/ros2_ws/src/build/apriltag_detection/install.log --single-version-externally-managed install_data
