[1.377s] Invoking command in '/home/clara/ros2_ws/src/uav_control': PYTHONPATH=/home/clara/ros2_ws/src/build/uav_control/prefix_override:/usr/lib/python3/dist-packages/colcon_core/task/python/colcon_distutils_commands:/home/clara/ros2_ws/src/install/uav_control/lib/python3.10/site-packages:${PYTHONPATH} /usr/bin/python3 -W ignore:setup.py install is deprecated -W ignore:easy_install command is deprecated setup.py egg_info --egg-base ../build/uav_control build --build-base /home/clara/ros2_ws/src/build/uav_control/build install --record /home/clara/ros2_ws/src/build/uav_control/install.log --single-version-externally-managed install_data
[1.564s] /home/clara/.local/lib/python3.10/site-packages/setuptools/_distutils/dist.py:289: UserWarning: Unknown distribution option: 'tests_require'
[1.564s]   warnings.warn(msg)
[1.674s] running egg_info
[1.693s] creating ../build/uav_control/uav_control.egg-info
[1.693s] writing ../build/uav_control/uav_control.egg-info/PKG-INFO
[1.693s] writing dependency_links to ../build/uav_control/uav_control.egg-info/dependency_links.txt
[1.693s] writing entry points to ../build/uav_control/uav_control.egg-info/entry_points.txt
[1.694s] writing requirements to ../build/uav_control/uav_control.egg-info/requires.txt
[1.694s] writing top-level names to ../build/uav_control/uav_control.egg-info/top_level.txt
[1.694s] writing manifest file '../build/uav_control/uav_control.egg-info/SOURCES.txt'
[1.732s] reading manifest file '../build/uav_control/uav_control.egg-info/SOURCES.txt'
[1.733s] writing manifest file '../build/uav_control/uav_control.egg-info/SOURCES.txt'
[1.734s] running build
[1.734s] running build_py
[1.734s] creating /home/clara/ros2_ws/src/build/uav_control/build/lib/uav_control
[1.734s] copying uav_control/flight_controller.py -> /home/clara/ros2_ws/src/build/uav_control/build/lib/uav_control
[1.734s] copying uav_control/__init__.py -> /home/clara/ros2_ws/src/build/uav_control/build/lib/uav_control
[1.734s] copying uav_control/gps_follower.py -> /home/clara/ros2_ws/src/build/uav_control/build/lib/uav_control
[1.735s] running install
[1.741s] running install_lib
[1.760s] creating /home/clara/ros2_ws/src/install/uav_control/lib/python3.10/site-packages/uav_control
[1.760s] copying /home/clara/ros2_ws/src/build/uav_control/build/lib/uav_control/flight_controller.py -> /home/clara/ros2_ws/src/install/uav_control/lib/python3.10/site-packages/uav_control
[1.760s] copying /home/clara/ros2_ws/src/build/uav_control/build/lib/uav_control/__init__.py -> /home/clara/ros2_ws/src/install/uav_control/lib/python3.10/site-packages/uav_control
[1.760s] copying /home/clara/ros2_ws/src/build/uav_control/build/lib/uav_control/gps_follower.py -> /home/clara/ros2_ws/src/install/uav_control/lib/python3.10/site-packages/uav_control
[1.761s] byte-compiling /home/clara/ros2_ws/src/install/uav_control/lib/python3.10/site-packages/uav_control/flight_controller.py to flight_controller.cpython-310.pyc
[1.762s] byte-compiling /home/clara/ros2_ws/src/install/uav_control/lib/python3.10/site-packages/uav_control/__init__.py to __init__.cpython-310.pyc
[1.763s] byte-compiling /home/clara/ros2_ws/src/install/uav_control/lib/python3.10/site-packages/uav_control/gps_follower.py to gps_follower.cpython-310.pyc
[1.763s] running install_data
[1.764s] copying package.xml -> /home/clara/ros2_ws/src/install/uav_control/share/uav_control
[1.764s] creating /home/clara/ros2_ws/src/install/uav_control/share/uav_control/launch
[1.764s] running install_egg_info
[1.783s] Copying ../build/uav_control/uav_control.egg-info to /home/clara/ros2_ws/src/install/uav_control/lib/python3.10/site-packages/uav_control-0.0.1-py3.10.egg-info
[1.783s] running install_scripts
[1.927s] Installing flight_controller script to /home/clara/ros2_ws/src/install/uav_control/lib/uav_control
[1.927s] Installing gps_follower script to /home/clara/ros2_ws/src/install/uav_control/lib/uav_control
[1.928s] writing list of installed files to '/home/clara/ros2_ws/src/build/uav_control/install.log'
[1.994s] Invoked command in '/home/clara/ros2_ws/src/uav_control' returned '0': PYTHONPATH=/home/clara/ros2_ws/src/build/uav_control/prefix_override:/usr/lib/python3/dist-packages/colcon_core/task/python/colcon_distutils_commands:/home/clara/ros2_ws/src/install/uav_control/lib/python3.10/site-packages:${PYTHONPATH} /usr/bin/python3 -W ignore:setup.py install is deprecated -W ignore:easy_install command is deprecated setup.py egg_info --egg-base ../build/uav_control build --build-base /home/clara/ros2_ws/src/build/uav_control/build install --record /home/clara/ros2_ws/src/build/uav_control/install.log --single-version-externally-managed install_data
