[2.198s] Invoking command in '/home/clara/ros2_ws/src/uav_following': PYTHONPATH=/home/clara/ros2_ws/src/build/uav_following/prefix_override:/usr/lib/python3/dist-packages/colcon_core/task/python/colcon_distutils_commands:/home/clara/ros2_ws/src/install/uav_following/lib/python3.10/site-packages:${PYTHONPATH} /usr/bin/python3 -W ignore:setup.py install is deprecated -W ignore:easy_install command is deprecated setup.py egg_info --egg-base ../build/uav_following build --build-base /home/clara/ros2_ws/src/build/uav_following/build install --record /home/clara/ros2_ws/src/build/uav_following/install.log --single-version-externally-managed install_data
[2.516s] running egg_info
[2.535s] creating ../build/uav_following/uav_following.egg-info
[2.535s] writing ../build/uav_following/uav_following.egg-info/PKG-INFO
[2.535s] writing dependency_links to ../build/uav_following/uav_following.egg-info/dependency_links.txt
[2.536s] writing entry points to ../build/uav_following/uav_following.egg-info/entry_points.txt
[2.536s] writing requirements to ../build/uav_following/uav_following.egg-info/requires.txt
[2.536s] writing top-level names to ../build/uav_following/uav_following.egg-info/top_level.txt
[2.536s] writing manifest file '../build/uav_following/uav_following.egg-info/SOURCES.txt'
[2.578s] reading manifest file '../build/uav_following/uav_following.egg-info/SOURCES.txt'
[2.580s] writing manifest file '../build/uav_following/uav_following.egg-info/SOURCES.txt'
[2.580s] running build
[2.580s] running build_py
[2.580s] creating /home/clara/ros2_ws/src/build/uav_following/build/lib/uav_following
[2.580s] copying uav_following/pbvs_landing.py -> /home/clara/ros2_ws/src/build/uav_following/build/lib/uav_following
[2.581s] copying uav_following/__init__.py -> /home/clara/ros2_ws/src/build/uav_following/build/lib/uav_following
[2.581s] copying uav_following/gps_follower.py -> /home/clara/ros2_ws/src/build/uav_following/build/lib/uav_following
[2.581s] running install
[2.587s] running install_lib
[2.606s] creating /home/clara/ros2_ws/src/install/uav_following/lib/python3.10/site-packages/uav_following
[2.607s] copying /home/clara/ros2_ws/src/build/uav_following/build/lib/uav_following/pbvs_landing.py -> /home/clara/ros2_ws/src/install/uav_following/lib/python3.10/site-packages/uav_following
[2.607s] copying /home/clara/ros2_ws/src/build/uav_following/build/lib/uav_following/__init__.py -> /home/clara/ros2_ws/src/install/uav_following/lib/python3.10/site-packages/uav_following
[2.607s] copying /home/clara/ros2_ws/src/build/uav_following/build/lib/uav_following/gps_follower.py -> /home/clara/ros2_ws/src/install/uav_following/lib/python3.10/site-packages/uav_following
[2.607s] byte-compiling /home/clara/ros2_ws/src/install/uav_following/lib/python3.10/site-packages/uav_following/pbvs_landing.py to pbvs_landing.cpython-310.pyc
[2.609s] byte-compiling /home/clara/ros2_ws/src/install/uav_following/lib/python3.10/site-packages/uav_following/__init__.py to __init__.cpython-310.pyc
[2.609s] byte-compiling /home/clara/ros2_ws/src/install/uav_following/lib/python3.10/site-packages/uav_following/gps_follower.py to gps_follower.cpython-310.pyc
[2.610s] running install_data
[2.610s] copying package.xml -> /home/clara/ros2_ws/src/install/uav_following/share/uav_following
[2.610s] creating /home/clara/ros2_ws/src/install/uav_following/share/ament_index/resource_index/packages
[2.611s] copying resource/uav_following -> /home/clara/ros2_ws/src/install/uav_following/share/ament_index/resource_index/packages
[2.611s] creating /home/clara/ros2_ws/src/install/uav_following/share/uav_following/launch
[2.611s] copying launch/uav_following_launch.py -> /home/clara/ros2_ws/src/install/uav_following/share/uav_following/launch
[2.611s] running install_egg_info
[2.635s] Copying ../build/uav_following/uav_following.egg-info to /home/clara/ros2_ws/src/install/uav_following/lib/python3.10/site-packages/uav_following-0.0.1-py3.10.egg-info
[2.635s] running install_scripts
[2.776s] Installing gps_follower script to /home/clara/ros2_ws/src/install/uav_following/lib/uav_following
[2.776s] Installing pbvs_landing script to /home/clara/ros2_ws/src/install/uav_following/lib/uav_following
[2.776s] writing list of installed files to '/home/clara/ros2_ws/src/build/uav_following/install.log'
[2.825s] Invoked command in '/home/clara/ros2_ws/src/uav_following' returned '0': PYTHONPATH=/home/clara/ros2_ws/src/build/uav_following/prefix_override:/usr/lib/python3/dist-packages/colcon_core/task/python/colcon_distutils_commands:/home/clara/ros2_ws/src/install/uav_following/lib/python3.10/site-packages:${PYTHONPATH} /usr/bin/python3 -W ignore:setup.py install is deprecated -W ignore:easy_install command is deprecated setup.py egg_info --egg-base ../build/uav_following build --build-base /home/clara/ros2_ws/src/build/uav_following/build install --record /home/clara/ros2_ws/src/build/uav_following/install.log --single-version-externally-managed install_data
