running egg_info
creating ../build/vtol_apriltag_control/vtol_apriltag_control.egg-info
writing ../build/vtol_apriltag_control/vtol_apriltag_control.egg-info/PKG-INFO
writing dependency_links to ../build/vtol_apriltag_control/vtol_apriltag_control.egg-info/dependency_links.txt
writing entry points to ../build/vtol_apriltag_control/vtol_apriltag_control.egg-info/entry_points.txt
writing requirements to ../build/vtol_apriltag_control/vtol_apriltag_control.egg-info/requires.txt
writing top-level names to ../build/vtol_apriltag_control/vtol_apriltag_control.egg-info/top_level.txt
writing manifest file '../build/vtol_apriltag_control/vtol_apriltag_control.egg-info/SOURCES.txt'
reading manifest file '../build/vtol_apriltag_control/vtol_apriltag_control.egg-info/SOURCES.txt'
writing manifest file '../build/vtol_apriltag_control/vtol_apriltag_control.egg-info/SOURCES.txt'
running build
running build_py
creating /home/clara/ros2_ws/src/build/vtol_apriltag_control/build/lib/vtol_apriltag_control
copying vtol_apriltag_control/apriltag_detector.py -> /home/clara/ros2_ws/src/build/vtol_apriltag_control/build/lib/vtol_apriltag_control
copying vtol_apriltag_control/flight_controller.py -> /home/clara/ros2_ws/src/build/vtol_apriltag_control/build/lib/vtol_apriltag_control
copying vtol_apriltag_control/__init__.py -> /home/clara/ros2_ws/src/build/vtol_apriltag_control/build/lib/vtol_apriltag_control
running install
running install_lib
creating /home/clara/ros2_ws/src/install/vtol_apriltag_control/lib/python3.10/site-packages/vtol_apriltag_control
copying /home/clara/ros2_ws/src/build/vtol_apriltag_control/build/lib/vtol_apriltag_control/apriltag_detector.py -> /home/clara/ros2_ws/src/install/vtol_apriltag_control/lib/python3.10/site-packages/vtol_apriltag_control
copying /home/clara/ros2_ws/src/build/vtol_apriltag_control/build/lib/vtol_apriltag_control/flight_controller.py -> /home/clara/ros2_ws/src/install/vtol_apriltag_control/lib/python3.10/site-packages/vtol_apriltag_control
copying /home/clara/ros2_ws/src/build/vtol_apriltag_control/build/lib/vtol_apriltag_control/__init__.py -> /home/clara/ros2_ws/src/install/vtol_apriltag_control/lib/python3.10/site-packages/vtol_apriltag_control
byte-compiling /home/clara/ros2_ws/src/install/vtol_apriltag_control/lib/python3.10/site-packages/vtol_apriltag_control/apriltag_detector.py to apriltag_detector.cpython-310.pyc
byte-compiling /home/clara/ros2_ws/src/install/vtol_apriltag_control/lib/python3.10/site-packages/vtol_apriltag_control/flight_controller.py to flight_controller.cpython-310.pyc
byte-compiling /home/clara/ros2_ws/src/install/vtol_apriltag_control/lib/python3.10/site-packages/vtol_apriltag_control/__init__.py to __init__.cpython-310.pyc
running install_data
creating /home/clara/ros2_ws/src/install/vtol_apriltag_control/share/ament_index/resource_index/packages
copying resource/vtol_apriltag_control -> /home/clara/ros2_ws/src/install/vtol_apriltag_control/share/ament_index/resource_index/packages
copying package.xml -> /home/clara/ros2_ws/src/install/vtol_apriltag_control/share/vtol_apriltag_control
copying launch/vtol_control.launch.py -> /home/clara/ros2_ws/src/install/vtol_apriltag_control/share/vtol_apriltag_control
running install_egg_info
Copying ../build/vtol_apriltag_control/vtol_apriltag_control.egg-info to /home/clara/ros2_ws/src/install/vtol_apriltag_control/lib/python3.10/site-packages/vtol_apriltag_control-0.1.0-py3.10.egg-info
running install_scripts
Installing apriltag_detector script to /home/clara/ros2_ws/src/install/vtol_apriltag_control/lib/vtol_apriltag_control
Installing flight_controller script to /home/clara/ros2_ws/src/install/vtol_apriltag_control/lib/vtol_apriltag_control
writing list of installed files to '/home/clara/ros2_ws/src/build/vtol_apriltag_control/install.log'
