[2.197s] Invoking command in '/home/clara/ros2_ws/src/vtol_apriltag_control': PYTHONPATH=/home/clara/ros2_ws/src/build/vtol_apriltag_control/prefix_override:/usr/lib/python3/dist-packages/colcon_core/task/python/colcon_distutils_commands:/home/clara/ros2_ws/src/install/vtol_apriltag_control/lib/python3.10/site-packages:${PYTHONPATH} /usr/bin/python3 -W ignore:setup.py install is deprecated -W ignore:easy_install command is deprecated setup.py egg_info --egg-base ../build/vtol_apriltag_control build --build-base /home/clara/ros2_ws/src/build/vtol_apriltag_control/build install --record /home/clara/ros2_ws/src/build/vtol_apriltag_control/install.log --single-version-externally-managed install_data
[2.501s] running egg_info
[2.520s] creating ../build/vtol_apriltag_control/vtol_apriltag_control.egg-info
[2.521s] writing ../build/vtol_apriltag_control/vtol_apriltag_control.egg-info/PKG-INFO
[2.521s] writing dependency_links to ../build/vtol_apriltag_control/vtol_apriltag_control.egg-info/dependency_links.txt
[2.521s] writing entry points to ../build/vtol_apriltag_control/vtol_apriltag_control.egg-info/entry_points.txt
[2.522s] writing requirements to ../build/vtol_apriltag_control/vtol_apriltag_control.egg-info/requires.txt
[2.522s] writing top-level names to ../build/vtol_apriltag_control/vtol_apriltag_control.egg-info/top_level.txt
[2.522s] writing manifest file '../build/vtol_apriltag_control/vtol_apriltag_control.egg-info/SOURCES.txt'
[2.561s] reading manifest file '../build/vtol_apriltag_control/vtol_apriltag_control.egg-info/SOURCES.txt'
[2.562s] writing manifest file '../build/vtol_apriltag_control/vtol_apriltag_control.egg-info/SOURCES.txt'
[2.562s] running build
[2.562s] running build_py
[2.563s] creating /home/clara/ros2_ws/src/build/vtol_apriltag_control/build/lib/vtol_apriltag_control
[2.563s] copying vtol_apriltag_control/apriltag_detector.py -> /home/clara/ros2_ws/src/build/vtol_apriltag_control/build/lib/vtol_apriltag_control
[2.563s] copying vtol_apriltag_control/flight_controller.py -> /home/clara/ros2_ws/src/build/vtol_apriltag_control/build/lib/vtol_apriltag_control
[2.563s] copying vtol_apriltag_control/__init__.py -> /home/clara/ros2_ws/src/build/vtol_apriltag_control/build/lib/vtol_apriltag_control
[2.563s] running install
[2.569s] running install_lib
[2.590s] creating /home/clara/ros2_ws/src/install/vtol_apriltag_control/lib/python3.10/site-packages/vtol_apriltag_control
[2.591s] copying /home/clara/ros2_ws/src/build/vtol_apriltag_control/build/lib/vtol_apriltag_control/apriltag_detector.py -> /home/clara/ros2_ws/src/install/vtol_apriltag_control/lib/python3.10/site-packages/vtol_apriltag_control
[2.591s] copying /home/clara/ros2_ws/src/build/vtol_apriltag_control/build/lib/vtol_apriltag_control/flight_controller.py -> /home/clara/ros2_ws/src/install/vtol_apriltag_control/lib/python3.10/site-packages/vtol_apriltag_control
[2.591s] copying /home/clara/ros2_ws/src/build/vtol_apriltag_control/build/lib/vtol_apriltag_control/__init__.py -> /home/clara/ros2_ws/src/install/vtol_apriltag_control/lib/python3.10/site-packages/vtol_apriltag_control
[2.592s] byte-compiling /home/clara/ros2_ws/src/install/vtol_apriltag_control/lib/python3.10/site-packages/vtol_apriltag_control/apriltag_detector.py to apriltag_detector.cpython-310.pyc
[2.593s] byte-compiling /home/clara/ros2_ws/src/install/vtol_apriltag_control/lib/python3.10/site-packages/vtol_apriltag_control/flight_controller.py to flight_controller.cpython-310.pyc
[2.594s] byte-compiling /home/clara/ros2_ws/src/install/vtol_apriltag_control/lib/python3.10/site-packages/vtol_apriltag_control/__init__.py to __init__.cpython-310.pyc
[2.594s] running install_data
[2.595s] creating /home/clara/ros2_ws/src/install/vtol_apriltag_control/share/ament_index/resource_index/packages
[2.595s] copying resource/vtol_apriltag_control -> /home/clara/ros2_ws/src/install/vtol_apriltag_control/share/ament_index/resource_index/packages
[2.595s] copying package.xml -> /home/clara/ros2_ws/src/install/vtol_apriltag_control/share/vtol_apriltag_control
[2.595s] copying launch/vtol_control.launch.py -> /home/clara/ros2_ws/src/install/vtol_apriltag_control/share/vtol_apriltag_control
[2.595s] running install_egg_info
[2.616s] Copying ../build/vtol_apriltag_control/vtol_apriltag_control.egg-info to /home/clara/ros2_ws/src/install/vtol_apriltag_control/lib/python3.10/site-packages/vtol_apriltag_control-0.1.0-py3.10.egg-info
[2.617s] running install_scripts
[2.763s] Installing apriltag_detector script to /home/clara/ros2_ws/src/install/vtol_apriltag_control/lib/vtol_apriltag_control
[2.763s] Installing flight_controller script to /home/clara/ros2_ws/src/install/vtol_apriltag_control/lib/vtol_apriltag_control
[2.764s] writing list of installed files to '/home/clara/ros2_ws/src/build/vtol_apriltag_control/install.log'
[2.808s] Invoked command in '/home/clara/ros2_ws/src/vtol_apriltag_control' returned '0': PYTHONPATH=/home/clara/ros2_ws/src/build/vtol_apriltag_control/prefix_override:/usr/lib/python3/dist-packages/colcon_core/task/python/colcon_distutils_commands:/home/clara/ros2_ws/src/install/vtol_apriltag_control/lib/python3.10/site-packages:${PYTHONPATH} /usr/bin/python3 -W ignore:setup.py install is deprecated -W ignore:easy_install command is deprecated setup.py egg_info --egg-base ../build/vtol_apriltag_control build --build-base /home/clara/ros2_ws/src/build/vtol_apriltag_control/build install --record /home/clara/ros2_ws/src/build/vtol_apriltag_control/install.log --single-version-externally-managed install_data
