[0.098s] DEBUG:colcon:Command line arguments: ['/usr/bin/colcon', 'build']
[0.098s] DEBUG:colcon:Parsed command line arguments: Namespace(log_base=None, log_level=None, verb_name='build', build_base='build', install_base='install', merge_install=False, symlink_install=False, test_result_base=None, continue_on_error=False, executor='parallel', parallel_workers=16, event_handlers=None, ignore_user_meta=False, metas=['./colcon.meta'], base_paths=['.'], packages_ignore=None, packages_ignore_regex=None, paths=None, packages_up_to=None, packages_up_to_regex=None, packages_above=None, packages_above_and_dependencies=None, packages_above_depth=None, packages_select_by_dep=None, packages_skip_by_dep=None, packages_skip_up_to=None, packages_select_build_failed=False, packages_skip_build_finished=False, packages_select_test_failures=False, packages_skip_test_passed=False, packages_select=None, packages_skip=None, packages_select_regex=None, packages_skip_regex=None, packages_start=None, packages_end=None, allow_overriding=[], cmake_args=None, cmake_target=None, cmake_target_skip_unavailable=False, cmake_clean_cache=False, cmake_clean_first=False, cmake_force_configure=False, ament_cmake_args=None, catkin_cmake_args=None, catkin_skip_building_tests=False, verb_parser=<colcon_defaults.argument_parser.defaults.DefaultArgumentsDecorator object at 0x77afb1cd5420>, verb_extension=<colcon_core.verb.build.BuildVerb object at 0x77afb1ede470>, main=<bound method BuildVerb.main of <colcon_core.verb.build.BuildVerb object at 0x77afb1ede470>>)
[0.136s] Level 1:colcon.colcon_core.package_discovery:discover_packages(colcon_meta) check parameters
[0.136s] Level 1:colcon.colcon_core.package_discovery:discover_packages(recursive) check parameters
[0.136s] Level 1:colcon.colcon_core.package_discovery:discover_packages(ignore) check parameters
[0.136s] Level 1:colcon.colcon_core.package_discovery:discover_packages(path) check parameters
[0.136s] Level 1:colcon.colcon_core.package_discovery:discover_packages(colcon_meta) discover
[0.136s] Level 1:colcon.colcon_core.package_discovery:discover_packages(recursive) discover
[0.136s] INFO:colcon.colcon_core.package_discovery:Crawling recursively for packages in '/home/clara/ros2_ws/src'
[0.136s] Level 1:colcon.colcon_core.package_identification:_identify(.) by extensions ['ignore', 'ignore_ament_install']
[0.136s] Level 1:colcon.colcon_core.package_identification:_identify(.) by extension 'ignore'
[0.136s] Level 1:colcon.colcon_core.package_identification:_identify(.) by extension 'ignore_ament_install'
[0.136s] Level 1:colcon.colcon_core.package_identification:_identify(.) by extensions ['colcon_pkg']
[0.136s] Level 1:colcon.colcon_core.package_identification:_identify(.) by extension 'colcon_pkg'
[0.136s] Level 1:colcon.colcon_core.package_identification:_identify(.) by extensions ['colcon_meta']
[0.136s] Level 1:colcon.colcon_core.package_identification:_identify(.) by extension 'colcon_meta'
[0.136s] Level 1:colcon.colcon_core.package_identification:_identify(.) by extensions ['ros']
[0.136s] Level 1:colcon.colcon_core.package_identification:_identify(.) by extension 'ros'
[0.150s] Level 1:colcon.colcon_core.package_identification:_identify(.) by extensions ['cmake', 'python']
[0.150s] Level 1:colcon.colcon_core.package_identification:_identify(.) by extension 'cmake'
[0.150s] Level 1:colcon.colcon_core.package_identification:_identify(.) by extension 'python'
[0.150s] Level 1:colcon.colcon_core.package_identification:_identify(.) by extensions ['python_setup_py']
[0.150s] Level 1:colcon.colcon_core.package_identification:_identify(.) by extension 'python_setup_py'
[0.150s] Level 1:colcon.colcon_core.package_identification:_identify(apriltag_detection) by extensions ['ignore', 'ignore_ament_install']
[0.150s] Level 1:colcon.colcon_core.package_identification:_identify(apriltag_detection) by extension 'ignore'
[0.150s] Level 1:colcon.colcon_core.package_identification:_identify(apriltag_detection) by extension 'ignore_ament_install'
[0.150s] Level 1:colcon.colcon_core.package_identification:_identify(apriltag_detection) by extensions ['colcon_pkg']
[0.150s] Level 1:colcon.colcon_core.package_identification:_identify(apriltag_detection) by extension 'colcon_pkg'
[0.150s] Level 1:colcon.colcon_core.package_identification:_identify(apriltag_detection) by extensions ['colcon_meta']
[0.150s] Level 1:colcon.colcon_core.package_identification:_identify(apriltag_detection) by extension 'colcon_meta'
[0.150s] Level 1:colcon.colcon_core.package_identification:_identify(apriltag_detection) by extensions ['ros']
[0.150s] Level 1:colcon.colcon_core.package_identification:_identify(apriltag_detection) by extension 'ros'
[0.153s] DEBUG:colcon.colcon_core.package_identification:Package 'apriltag_detection' with type 'ros.ament_python' and name 'apriltag_detection'
[0.153s] Level 1:colcon.colcon_core.package_identification:_identify(build) by extensions ['ignore', 'ignore_ament_install']
[0.153s] Level 1:colcon.colcon_core.package_identification:_identify(build) by extension 'ignore'
[0.153s] Level 1:colcon.colcon_core.package_identification:_identify(build) ignored
[0.153s] Level 1:colcon.colcon_core.package_identification:_identify(install) by extensions ['ignore', 'ignore_ament_install']
[0.153s] Level 1:colcon.colcon_core.package_identification:_identify(install) by extension 'ignore'
[0.153s] Level 1:colcon.colcon_core.package_identification:_identify(install) ignored
[0.153s] Level 1:colcon.colcon_core.package_identification:_identify(log) by extensions ['ignore', 'ignore_ament_install']
[0.153s] Level 1:colcon.colcon_core.package_identification:_identify(log) by extension 'ignore'
[0.153s] Level 1:colcon.colcon_core.package_identification:_identify(log) ignored
[0.154s] Level 1:colcon.colcon_core.package_identification:_identify(my_dual_nodes) by extensions ['ignore', 'ignore_ament_install']
[0.154s] Level 1:colcon.colcon_core.package_identification:_identify(my_dual_nodes) by extension 'ignore'
[0.154s] Level 1:colcon.colcon_core.package_identification:_identify(my_dual_nodes) by extension 'ignore_ament_install'
[0.154s] Level 1:colcon.colcon_core.package_identification:_identify(my_dual_nodes) by extensions ['colcon_pkg']
[0.154s] Level 1:colcon.colcon_core.package_identification:_identify(my_dual_nodes) by extension 'colcon_pkg'
[0.154s] Level 1:colcon.colcon_core.package_identification:_identify(my_dual_nodes) by extensions ['colcon_meta']
[0.154s] Level 1:colcon.colcon_core.package_identification:_identify(my_dual_nodes) by extension 'colcon_meta'
[0.154s] Level 1:colcon.colcon_core.package_identification:_identify(my_dual_nodes) by extensions ['ros']
[0.154s] Level 1:colcon.colcon_core.package_identification:_identify(my_dual_nodes) by extension 'ros'
[0.154s] DEBUG:colcon.colcon_core.package_identification:Package 'my_dual_nodes' with type 'ros.ament_python' and name 'my_dual_nodes'
[0.155s] Level 1:colcon.colcon_core.package_identification:_identify(uav_control) by extensions ['ignore', 'ignore_ament_install']
[0.155s] Level 1:colcon.colcon_core.package_identification:_identify(uav_control) by extension 'ignore'
[0.155s] Level 1:colcon.colcon_core.package_identification:_identify(uav_control) by extension 'ignore_ament_install'
[0.155s] Level 1:colcon.colcon_core.package_identification:_identify(uav_control) by extensions ['colcon_pkg']
[0.155s] Level 1:colcon.colcon_core.package_identification:_identify(uav_control) by extension 'colcon_pkg'
[0.155s] Level 1:colcon.colcon_core.package_identification:_identify(uav_control) by extensions ['colcon_meta']
[0.155s] Level 1:colcon.colcon_core.package_identification:_identify(uav_control) by extension 'colcon_meta'
[0.155s] Level 1:colcon.colcon_core.package_identification:_identify(uav_control) by extensions ['ros']
[0.155s] Level 1:colcon.colcon_core.package_identification:_identify(uav_control) by extension 'ros'
[0.156s] DEBUG:colcon.colcon_core.package_identification:Package 'uav_control' with type 'ros.catkin' and name 'uav_control'
[0.156s] Level 1:colcon.colcon_core.package_identification:_identify(uav_following) by extensions ['ignore', 'ignore_ament_install']
[0.156s] Level 1:colcon.colcon_core.package_identification:_identify(uav_following) by extension 'ignore'
[0.156s] Level 1:colcon.colcon_core.package_identification:_identify(uav_following) by extension 'ignore_ament_install'
[0.156s] Level 1:colcon.colcon_core.package_identification:_identify(uav_following) by extensions ['colcon_pkg']
[0.156s] Level 1:colcon.colcon_core.package_identification:_identify(uav_following) by extension 'colcon_pkg'
[0.156s] Level 1:colcon.colcon_core.package_identification:_identify(uav_following) by extensions ['colcon_meta']
[0.156s] Level 1:colcon.colcon_core.package_identification:_identify(uav_following) by extension 'colcon_meta'
[0.156s] Level 1:colcon.colcon_core.package_identification:_identify(uav_following) by extensions ['ros']
[0.156s] Level 1:colcon.colcon_core.package_identification:_identify(uav_following) by extension 'ros'
[0.157s] DEBUG:colcon.colcon_core.package_identification:Package 'uav_following' with type 'ros.ament_python' and name 'uav_following'
[0.157s] Level 1:colcon.colcon_core.package_identification:_identify(uav_mission) by extensions ['ignore', 'ignore_ament_install']
[0.157s] Level 1:colcon.colcon_core.package_identification:_identify(uav_mission) by extension 'ignore'
[0.157s] Level 1:colcon.colcon_core.package_identification:_identify(uav_mission) by extension 'ignore_ament_install'
[0.157s] Level 1:colcon.colcon_core.package_identification:_identify(uav_mission) by extensions ['colcon_pkg']
[0.157s] Level 1:colcon.colcon_core.package_identification:_identify(uav_mission) by extension 'colcon_pkg'
[0.157s] Level 1:colcon.colcon_core.package_identification:_identify(uav_mission) by extensions ['colcon_meta']
[0.157s] Level 1:colcon.colcon_core.package_identification:_identify(uav_mission) by extension 'colcon_meta'
[0.157s] Level 1:colcon.colcon_core.package_identification:_identify(uav_mission) by extensions ['ros']
[0.157s] Level 1:colcon.colcon_core.package_identification:_identify(uav_mission) by extension 'ros'
[0.158s] DEBUG:colcon.colcon_core.package_identification:Package 'uav_mission' with type 'ros.ament_python' and name 'uav_mission'
[0.158s] Level 1:colcon.colcon_core.package_identification:_identify(vtol_apriltag_control) by extensions ['ignore', 'ignore_ament_install']
[0.158s] Level 1:colcon.colcon_core.package_identification:_identify(vtol_apriltag_control) by extension 'ignore'
[0.158s] Level 1:colcon.colcon_core.package_identification:_identify(vtol_apriltag_control) by extension 'ignore_ament_install'
[0.158s] Level 1:colcon.colcon_core.package_identification:_identify(vtol_apriltag_control) by extensions ['colcon_pkg']
[0.158s] Level 1:colcon.colcon_core.package_identification:_identify(vtol_apriltag_control) by extension 'colcon_pkg'
[0.158s] Level 1:colcon.colcon_core.package_identification:_identify(vtol_apriltag_control) by extensions ['colcon_meta']
[0.158s] Level 1:colcon.colcon_core.package_identification:_identify(vtol_apriltag_control) by extension 'colcon_meta'
[0.158s] Level 1:colcon.colcon_core.package_identification:_identify(vtol_apriltag_control) by extensions ['ros']
[0.158s] Level 1:colcon.colcon_core.package_identification:_identify(vtol_apriltag_control) by extension 'ros'
[0.159s] DEBUG:colcon.colcon_core.package_identification:Package 'vtol_apriltag_control' with type 'ros.ament_python' and name 'vtol_apriltag_control'
[0.159s] Level 1:colcon.colcon_core.package_discovery:discover_packages(recursive) using defaults
[0.159s] Level 1:colcon.colcon_core.package_discovery:discover_packages(ignore) discover
[0.159s] Level 1:colcon.colcon_core.package_discovery:discover_packages(ignore) using defaults
[0.159s] Level 1:colcon.colcon_core.package_discovery:discover_packages(path) discover
[0.159s] Level 1:colcon.colcon_core.package_discovery:discover_packages(path) using defaults
[0.181s] Level 1:colcon.colcon_core.package_discovery:discover_packages(prefix_path) check parameters
[0.181s] Level 1:colcon.colcon_core.package_discovery:discover_packages(prefix_path) discover
[0.182s] DEBUG:colcon.colcon_installed_package_information.package_discovery:Found 6 installed packages in /home/clara/ros2_ws/install
[0.183s] DEBUG:colcon.colcon_installed_package_information.package_discovery:Found 297 installed packages in /opt/ros/humble
[0.184s] Level 1:colcon.colcon_core.package_discovery:discover_packages(prefix_path) using defaults
[0.216s] Level 5:colcon.colcon_core.verb:set package 'apriltag_detection' build argument 'cmake_args' from command line to 'None'
[0.217s] Level 5:colcon.colcon_core.verb:set package 'apriltag_detection' build argument 'cmake_target' from command line to 'None'
[0.217s] Level 5:colcon.colcon_core.verb:set package 'apriltag_detection' build argument 'cmake_target_skip_unavailable' from command line to 'False'
[0.217s] Level 5:colcon.colcon_core.verb:set package 'apriltag_detection' build argument 'cmake_clean_cache' from command line to 'False'
[0.217s] Level 5:colcon.colcon_core.verb:set package 'apriltag_detection' build argument 'cmake_clean_first' from command line to 'False'
[0.217s] Level 5:colcon.colcon_core.verb:set package 'apriltag_detection' build argument 'cmake_force_configure' from command line to 'False'
[0.217s] Level 5:colcon.colcon_core.verb:set package 'apriltag_detection' build argument 'ament_cmake_args' from command line to 'None'
[0.217s] Level 5:colcon.colcon_core.verb:set package 'apriltag_detection' build argument 'catkin_cmake_args' from command line to 'None'
[0.217s] Level 5:colcon.colcon_core.verb:set package 'apriltag_detection' build argument 'catkin_skip_building_tests' from command line to 'False'
[0.217s] DEBUG:colcon.colcon_core.verb:Building package 'apriltag_detection' with the following arguments: {'ament_cmake_args': None, 'build_base': '/home/clara/ros2_ws/src/build/apriltag_detection', 'catkin_cmake_args': None, 'catkin_skip_building_tests': False, 'cmake_args': None, 'cmake_clean_cache': False, 'cmake_clean_first': False, 'cmake_force_configure': False, 'cmake_target': None, 'cmake_target_skip_unavailable': False, 'install_base': '/home/clara/ros2_ws/src/install/apriltag_detection', 'merge_install': False, 'path': '/home/clara/ros2_ws/src/apriltag_detection', 'symlink_install': False, 'test_result_base': None}
[0.217s] Level 5:colcon.colcon_core.verb:set package 'my_dual_nodes' build argument 'cmake_args' from command line to 'None'
[0.217s] Level 5:colcon.colcon_core.verb:set package 'my_dual_nodes' build argument 'cmake_target' from command line to 'None'
[0.217s] Level 5:colcon.colcon_core.verb:set package 'my_dual_nodes' build argument 'cmake_target_skip_unavailable' from command line to 'False'
[0.217s] Level 5:colcon.colcon_core.verb:set package 'my_dual_nodes' build argument 'cmake_clean_cache' from command line to 'False'
[0.217s] Level 5:colcon.colcon_core.verb:set package 'my_dual_nodes' build argument 'cmake_clean_first' from command line to 'False'
[0.217s] Level 5:colcon.colcon_core.verb:set package 'my_dual_nodes' build argument 'cmake_force_configure' from command line to 'False'
[0.217s] Level 5:colcon.colcon_core.verb:set package 'my_dual_nodes' build argument 'ament_cmake_args' from command line to 'None'
[0.217s] Level 5:colcon.colcon_core.verb:set package 'my_dual_nodes' build argument 'catkin_cmake_args' from command line to 'None'
[0.217s] Level 5:colcon.colcon_core.verb:set package 'my_dual_nodes' build argument 'catkin_skip_building_tests' from command line to 'False'
[0.217s] DEBUG:colcon.colcon_core.verb:Building package 'my_dual_nodes' with the following arguments: {'ament_cmake_args': None, 'build_base': '/home/clara/ros2_ws/src/build/my_dual_nodes', 'catkin_cmake_args': None, 'catkin_skip_building_tests': False, 'cmake_args': None, 'cmake_clean_cache': False, 'cmake_clean_first': False, 'cmake_force_configure': False, 'cmake_target': None, 'cmake_target_skip_unavailable': False, 'install_base': '/home/clara/ros2_ws/src/install/my_dual_nodes', 'merge_install': False, 'path': '/home/clara/ros2_ws/src/my_dual_nodes', 'symlink_install': False, 'test_result_base': None}
[0.217s] Level 5:colcon.colcon_core.verb:set package 'uav_control' build argument 'cmake_args' from command line to 'None'
[0.217s] Level 5:colcon.colcon_core.verb:set package 'uav_control' build argument 'cmake_target' from command line to 'None'
[0.218s] Level 5:colcon.colcon_core.verb:set package 'uav_control' build argument 'cmake_target_skip_unavailable' from command line to 'False'
[0.218s] Level 5:colcon.colcon_core.verb:set package 'uav_control' build argument 'cmake_clean_cache' from command line to 'False'
[0.218s] Level 5:colcon.colcon_core.verb:set package 'uav_control' build argument 'cmake_clean_first' from command line to 'False'
[0.218s] Level 5:colcon.colcon_core.verb:set package 'uav_control' build argument 'cmake_force_configure' from command line to 'False'
[0.218s] Level 5:colcon.colcon_core.verb:set package 'uav_control' build argument 'ament_cmake_args' from command line to 'None'
[0.218s] Level 5:colcon.colcon_core.verb:set package 'uav_control' build argument 'catkin_cmake_args' from command line to 'None'
[0.218s] Level 5:colcon.colcon_core.verb:set package 'uav_control' build argument 'catkin_skip_building_tests' from command line to 'False'
[0.218s] DEBUG:colcon.colcon_core.verb:Building package 'uav_control' with the following arguments: {'ament_cmake_args': None, 'build_base': '/home/clara/ros2_ws/src/build/uav_control', 'catkin_cmake_args': None, 'catkin_skip_building_tests': False, 'cmake_args': None, 'cmake_clean_cache': False, 'cmake_clean_first': False, 'cmake_force_configure': False, 'cmake_target': None, 'cmake_target_skip_unavailable': False, 'install_base': '/home/clara/ros2_ws/src/install/uav_control', 'merge_install': False, 'path': '/home/clara/ros2_ws/src/uav_control', 'symlink_install': False, 'test_result_base': None}
[0.218s] Level 5:colcon.colcon_core.verb:set package 'uav_following' build argument 'cmake_args' from command line to 'None'
[0.218s] Level 5:colcon.colcon_core.verb:set package 'uav_following' build argument 'cmake_target' from command line to 'None'
[0.218s] Level 5:colcon.colcon_core.verb:set package 'uav_following' build argument 'cmake_target_skip_unavailable' from command line to 'False'
[0.218s] Level 5:colcon.colcon_core.verb:set package 'uav_following' build argument 'cmake_clean_cache' from command line to 'False'
[0.218s] Level 5:colcon.colcon_core.verb:set package 'uav_following' build argument 'cmake_clean_first' from command line to 'False'
[0.218s] Level 5:colcon.colcon_core.verb:set package 'uav_following' build argument 'cmake_force_configure' from command line to 'False'
[0.218s] Level 5:colcon.colcon_core.verb:set package 'uav_following' build argument 'ament_cmake_args' from command line to 'None'
[0.218s] Level 5:colcon.colcon_core.verb:set package 'uav_following' build argument 'catkin_cmake_args' from command line to 'None'
[0.218s] Level 5:colcon.colcon_core.verb:set package 'uav_following' build argument 'catkin_skip_building_tests' from command line to 'False'
[0.218s] DEBUG:colcon.colcon_core.verb:Building package 'uav_following' with the following arguments: {'ament_cmake_args': None, 'build_base': '/home/clara/ros2_ws/src/build/uav_following', 'catkin_cmake_args': None, 'catkin_skip_building_tests': False, 'cmake_args': None, 'cmake_clean_cache': False, 'cmake_clean_first': False, 'cmake_force_configure': False, 'cmake_target': None, 'cmake_target_skip_unavailable': False, 'install_base': '/home/clara/ros2_ws/src/install/uav_following', 'merge_install': False, 'path': '/home/clara/ros2_ws/src/uav_following', 'symlink_install': False, 'test_result_base': None}
[0.218s] Level 5:colcon.colcon_core.verb:set package 'uav_mission' build argument 'cmake_args' from command line to 'None'
[0.218s] Level 5:colcon.colcon_core.verb:set package 'uav_mission' build argument 'cmake_target' from command line to 'None'
[0.218s] Level 5:colcon.colcon_core.verb:set package 'uav_mission' build argument 'cmake_target_skip_unavailable' from command line to 'False'
[0.218s] Level 5:colcon.colcon_core.verb:set package 'uav_mission' build argument 'cmake_clean_cache' from command line to 'False'
[0.218s] Level 5:colcon.colcon_core.verb:set package 'uav_mission' build argument 'cmake_clean_first' from command line to 'False'
[0.218s] Level 5:colcon.colcon_core.verb:set package 'uav_mission' build argument 'cmake_force_configure' from command line to 'False'
[0.218s] Level 5:colcon.colcon_core.verb:set package 'uav_mission' build argument 'ament_cmake_args' from command line to 'None'
[0.218s] Level 5:colcon.colcon_core.verb:set package 'uav_mission' build argument 'catkin_cmake_args' from command line to 'None'
[0.218s] Level 5:colcon.colcon_core.verb:set package 'uav_mission' build argument 'catkin_skip_building_tests' from command line to 'False'
[0.218s] DEBUG:colcon.colcon_core.verb:Building package 'uav_mission' with the following arguments: {'ament_cmake_args': None, 'build_base': '/home/clara/ros2_ws/src/build/uav_mission', 'catkin_cmake_args': None, 'catkin_skip_building_tests': False, 'cmake_args': None, 'cmake_clean_cache': False, 'cmake_clean_first': False, 'cmake_force_configure': False, 'cmake_target': None, 'cmake_target_skip_unavailable': False, 'install_base': '/home/clara/ros2_ws/src/install/uav_mission', 'merge_install': False, 'path': '/home/clara/ros2_ws/src/uav_mission', 'symlink_install': False, 'test_result_base': None}
[0.219s] Level 5:colcon.colcon_core.verb:set package 'vtol_apriltag_control' build argument 'cmake_args' from command line to 'None'
[0.219s] Level 5:colcon.colcon_core.verb:set package 'vtol_apriltag_control' build argument 'cmake_target' from command line to 'None'
[0.219s] Level 5:colcon.colcon_core.verb:set package 'vtol_apriltag_control' build argument 'cmake_target_skip_unavailable' from command line to 'False'
[0.219s] Level 5:colcon.colcon_core.verb:set package 'vtol_apriltag_control' build argument 'cmake_clean_cache' from command line to 'False'
[0.219s] Level 5:colcon.colcon_core.verb:set package 'vtol_apriltag_control' build argument 'cmake_clean_first' from command line to 'False'
[0.219s] Level 5:colcon.colcon_core.verb:set package 'vtol_apriltag_control' build argument 'cmake_force_configure' from command line to 'False'
[0.219s] Level 5:colcon.colcon_core.verb:set package 'vtol_apriltag_control' build argument 'ament_cmake_args' from command line to 'None'
[0.219s] Level 5:colcon.colcon_core.verb:set package 'vtol_apriltag_control' build argument 'catkin_cmake_args' from command line to 'None'
[0.219s] Level 5:colcon.colcon_core.verb:set package 'vtol_apriltag_control' build argument 'catkin_skip_building_tests' from command line to 'False'
[0.219s] DEBUG:colcon.colcon_core.verb:Building package 'vtol_apriltag_control' with the following arguments: {'ament_cmake_args': None, 'build_base': '/home/clara/ros2_ws/src/build/vtol_apriltag_control', 'catkin_cmake_args': None, 'catkin_skip_building_tests': False, 'cmake_args': None, 'cmake_clean_cache': False, 'cmake_clean_first': False, 'cmake_force_configure': False, 'cmake_target': None, 'cmake_target_skip_unavailable': False, 'install_base': '/home/clara/ros2_ws/src/install/vtol_apriltag_control', 'merge_install': False, 'path': '/home/clara/ros2_ws/src/vtol_apriltag_control', 'symlink_install': False, 'test_result_base': None}
[0.219s] INFO:colcon.colcon_core.executor:Executing jobs using 'parallel' executor
[0.220s] DEBUG:colcon.colcon_parallel_executor.executor.parallel:run_until_complete
[0.220s] INFO:colcon.colcon_ros.task.ament_python.build:Building ROS package in '/home/clara/ros2_ws/src/apriltag_detection' with build type 'ament_python'
[0.221s] Level 1:colcon.colcon_core.shell:create_environment_hook('apriltag_detection', 'ament_prefix_path')
[0.223s] INFO:colcon.colcon_core.plugin_system:Skipping extension 'colcon_core.shell.bat': Not used on non-Windows systems
[0.223s] INFO:colcon.colcon_core.shell:Creating environment hook '/home/clara/ros2_ws/src/install/apriltag_detection/share/apriltag_detection/hook/ament_prefix_path.ps1'
[0.224s] INFO:colcon.colcon_core.shell:Creating environment descriptor '/home/clara/ros2_ws/src/install/apriltag_detection/share/apriltag_detection/hook/ament_prefix_path.dsv'
[0.225s] INFO:colcon.colcon_core.shell:Creating environment hook '/home/clara/ros2_ws/src/install/apriltag_detection/share/apriltag_detection/hook/ament_prefix_path.sh'
[0.226s] INFO:colcon.colcon_core.shell:Skip shell extension 'powershell' for command environment: Not usable outside of PowerShell
[0.226s] DEBUG:colcon.colcon_core.shell:Skip shell extension 'dsv' for command environment
[0.229s] INFO:colcon.colcon_ros.task.ament_python.build:Building ROS package in '/home/clara/ros2_ws/src/my_dual_nodes' with build type 'ament_python'
[0.230s] Level 1:colcon.colcon_core.shell:create_environment_hook('my_dual_nodes', 'ament_prefix_path')
[0.230s] INFO:colcon.colcon_core.shell:Creating environment hook '/home/clara/ros2_ws/src/install/my_dual_nodes/share/my_dual_nodes/hook/ament_prefix_path.ps1'
[0.231s] INFO:colcon.colcon_core.shell:Creating environment descriptor '/home/clara/ros2_ws/src/install/my_dual_nodes/share/my_dual_nodes/hook/ament_prefix_path.dsv'
[0.231s] INFO:colcon.colcon_core.shell:Creating environment hook '/home/clara/ros2_ws/src/install/my_dual_nodes/share/my_dual_nodes/hook/ament_prefix_path.sh'
[0.232s] INFO:colcon.colcon_core.shell:Skip shell extension 'powershell' for command environment: Not usable outside of PowerShell
[0.232s] DEBUG:colcon.colcon_core.shell:Skip shell extension 'dsv' for command environment
[0.235s] INFO:colcon.colcon_ros.task.catkin.build:Building ROS package in '/home/clara/ros2_ws/src/uav_control' with build type 'catkin'
[0.235s] INFO:colcon.colcon_cmake.task.cmake.build:Building CMake package in '/home/clara/ros2_ws/src/uav_control'
[0.236s] INFO:colcon.colcon_core.shell:Skip shell extension 'powershell' for command environment: Not usable outside of PowerShell
[0.236s] DEBUG:colcon.colcon_core.shell:Skip shell extension 'dsv' for command environment
[0.239s] INFO:colcon.colcon_ros.task.ament_python.build:Building ROS package in '/home/clara/ros2_ws/src/uav_following' with build type 'ament_python'
[0.239s] Level 1:colcon.colcon_core.shell:create_environment_hook('uav_following', 'ament_prefix_path')
[0.240s] INFO:colcon.colcon_core.shell:Creating environment hook '/home/clara/ros2_ws/src/install/uav_following/share/uav_following/hook/ament_prefix_path.ps1'
[0.240s] INFO:colcon.colcon_core.shell:Creating environment descriptor '/home/clara/ros2_ws/src/install/uav_following/share/uav_following/hook/ament_prefix_path.dsv'
[0.240s] INFO:colcon.colcon_core.shell:Creating environment hook '/home/clara/ros2_ws/src/install/uav_following/share/uav_following/hook/ament_prefix_path.sh'
[0.241s] INFO:colcon.colcon_core.shell:Skip shell extension 'powershell' for command environment: Not usable outside of PowerShell
[0.241s] DEBUG:colcon.colcon_core.shell:Skip shell extension 'dsv' for command environment
[0.244s] INFO:colcon.colcon_ros.task.ament_python.build:Building ROS package in '/home/clara/ros2_ws/src/uav_mission' with build type 'ament_python'
[0.244s] Level 1:colcon.colcon_core.shell:create_environment_hook('uav_mission', 'ament_prefix_path')
[0.244s] INFO:colcon.colcon_core.shell:Creating environment hook '/home/clara/ros2_ws/src/install/uav_mission/share/uav_mission/hook/ament_prefix_path.ps1'
[0.245s] INFO:colcon.colcon_core.shell:Creating environment descriptor '/home/clara/ros2_ws/src/install/uav_mission/share/uav_mission/hook/ament_prefix_path.dsv'
[0.245s] INFO:colcon.colcon_core.shell:Creating environment hook '/home/clara/ros2_ws/src/install/uav_mission/share/uav_mission/hook/ament_prefix_path.sh'
[0.246s] INFO:colcon.colcon_core.shell:Skip shell extension 'powershell' for command environment: Not usable outside of PowerShell
[0.246s] DEBUG:colcon.colcon_core.shell:Skip shell extension 'dsv' for command environment
[0.248s] INFO:colcon.colcon_ros.task.ament_python.build:Building ROS package in '/home/clara/ros2_ws/src/vtol_apriltag_control' with build type 'ament_python'
[0.249s] Level 1:colcon.colcon_core.shell:create_environment_hook('vtol_apriltag_control', 'ament_prefix_path')
[0.249s] INFO:colcon.colcon_core.shell:Creating environment hook '/home/clara/ros2_ws/src/install/vtol_apriltag_control/share/vtol_apriltag_control/hook/ament_prefix_path.ps1'
[0.249s] INFO:colcon.colcon_core.shell:Creating environment descriptor '/home/clara/ros2_ws/src/install/vtol_apriltag_control/share/vtol_apriltag_control/hook/ament_prefix_path.dsv'
[0.250s] INFO:colcon.colcon_core.shell:Creating environment hook '/home/clara/ros2_ws/src/install/vtol_apriltag_control/share/vtol_apriltag_control/hook/ament_prefix_path.sh'
[0.250s] INFO:colcon.colcon_core.shell:Skip shell extension 'powershell' for command environment: Not usable outside of PowerShell
[0.250s] DEBUG:colcon.colcon_core.shell:Skip shell extension 'dsv' for command environment
[0.482s] INFO:colcon.colcon_core.task.python.build:Building Python package in '/home/clara/ros2_ws/src/apriltag_detection'
[0.482s] INFO:colcon.colcon_core.shell:Skip shell extension 'powershell' for command environment: Not usable outside of PowerShell
[0.482s] DEBUG:colcon.colcon_core.shell:Skip shell extension 'dsv' for command environment
[0.678s] INFO:colcon.colcon_core.task.python.build:Building Python package in '/home/clara/ros2_ws/src/my_dual_nodes'
[0.679s] INFO:colcon.colcon_core.shell:Skip shell extension 'powershell' for command environment: Not usable outside of PowerShell
[0.679s] DEBUG:colcon.colcon_core.shell:Skip shell extension 'dsv' for command environment
[0.684s] DEBUG:colcon.colcon_core.event_handler.log_command:Invoking command in '/home/clara/ros2_ws/src/build/uav_control': /usr/bin/cmake /home/clara/ros2_ws/src/uav_control -DCATKIN_INSTALL_INTO_PREFIX_ROOT=0 -DCMAKE_INSTALL_PREFIX=/home/clara/ros2_ws/src/install/uav_control
[0.900s] INFO:colcon.colcon_core.task.python.build:Building Python package in '/home/clara/ros2_ws/src/uav_following'
[0.901s] INFO:colcon.colcon_core.shell:Skip shell extension 'powershell' for command environment: Not usable outside of PowerShell
[0.901s] DEBUG:colcon.colcon_core.shell:Skip shell extension 'dsv' for command environment
[1.095s] INFO:colcon.colcon_core.task.python.build:Building Python package in '/home/clara/ros2_ws/src/uav_mission'
[1.095s] INFO:colcon.colcon_core.shell:Skip shell extension 'powershell' for command environment: Not usable outside of PowerShell
[1.095s] DEBUG:colcon.colcon_core.shell:Skip shell extension 'dsv' for command environment
[1.308s] INFO:colcon.colcon_core.task.python.build:Building Python package in '/home/clara/ros2_ws/src/vtol_apriltag_control'
[1.309s] INFO:colcon.colcon_core.shell:Skip shell extension 'powershell' for command environment: Not usable outside of PowerShell
[1.309s] DEBUG:colcon.colcon_core.shell:Skip shell extension 'dsv' for command environment
[1.313s] Level 1:colcon.colcon_core.environment:create_environment_scripts_only(uav_control)
[1.313s] DEBUG:colcon.colcon_core.event_handler.log_command:Invoked command in '/home/clara/ros2_ws/src/build/uav_control' returned '1': /usr/bin/cmake /home/clara/ros2_ws/src/uav_control -DCATKIN_INSTALL_INTO_PREFIX_ROOT=0 -DCMAKE_INSTALL_PREFIX=/home/clara/ros2_ws/src/install/uav_control
[1.315s] Level 1:colcon.colcon_core.environment:checking '/home/clara/ros2_ws/src/install/uav_control' for CMake module files
[1.315s] Level 1:colcon.colcon_core.environment:checking '/home/clara/ros2_ws/src/install/uav_control' for CMake config files
[1.315s] Level 1:colcon.colcon_core.environment:checking '/home/clara/ros2_ws/src/install/uav_control/bin'
[1.315s] Level 1:colcon.colcon_core.environment:checking '/home/clara/ros2_ws/src/install/uav_control/lib/pkgconfig/uav_control.pc'
[1.316s] Level 1:colcon.colcon_core.environment:checking '/home/clara/ros2_ws/src/install/uav_control/lib/python3.10/site-packages'
[1.316s] Level 1:colcon.colcon_core.environment:checking '/home/clara/ros2_ws/src/install/uav_control/bin'
[1.316s] INFO:colcon.colcon_core.shell:Creating package script '/home/clara/ros2_ws/src/install/uav_control/share/uav_control/package.ps1'
[1.317s] INFO:colcon.colcon_core.shell:Creating package descriptor '/home/clara/ros2_ws/src/install/uav_control/share/uav_control/package.dsv'
[1.317s] INFO:colcon.colcon_core.shell:Creating package script '/home/clara/ros2_ws/src/install/uav_control/share/uav_control/package.sh'
[1.317s] INFO:colcon.colcon_core.shell:Creating package script '/home/clara/ros2_ws/src/install/uav_control/share/uav_control/package.bash'
[1.318s] INFO:colcon.colcon_core.shell:Creating package script '/home/clara/ros2_ws/src/install/uav_control/share/uav_control/package.zsh'
[1.318s] Level 1:colcon.colcon_core.environment:create_file_with_runtime_dependencies(/home/clara/ros2_ws/src/install/uav_control/share/colcon-core/packages/uav_control)
[1.330s] DEBUG:colcon.colcon_parallel_executor.executor.parallel:closing loop
[1.330s] DEBUG:colcon.colcon_parallel_executor.executor.parallel:loop closed
[1.330s] DEBUG:colcon.colcon_parallel_executor.executor.parallel:run_until_complete finished with '1'
[1.330s] DEBUG:colcon.colcon_core.event_reactor:joining thread
[1.336s] INFO:colcon.colcon_core.plugin_system:Skipping extension 'colcon_notification.desktop_notification.terminal_notifier': Not used on non-Darwin systems
[1.336s] INFO:colcon.colcon_core.plugin_system:Skipping extension 'colcon_notification.desktop_notification.win32': Not used on non-Windows systems
[1.336s] INFO:colcon.colcon_notification.desktop_notification:Sending desktop notification using 'notify2'
[1.345s] DEBUG:colcon.colcon_core.event_reactor:joined thread
[1.346s] INFO:colcon.colcon_core.shell:Creating prefix script '/home/clara/ros2_ws/src/install/local_setup.ps1'
[1.347s] INFO:colcon.colcon_core.shell:Creating prefix util module '/home/clara/ros2_ws/src/install/_local_setup_util_ps1.py'
[1.348s] INFO:colcon.colcon_core.shell:Creating prefix chain script '/home/clara/ros2_ws/src/install/setup.ps1'
[1.349s] INFO:colcon.colcon_core.shell:Creating prefix script '/home/clara/ros2_ws/src/install/local_setup.sh'
[1.350s] INFO:colcon.colcon_core.shell:Creating prefix util module '/home/clara/ros2_ws/src/install/_local_setup_util_sh.py'
[1.350s] INFO:colcon.colcon_core.shell:Creating prefix chain script '/home/clara/ros2_ws/src/install/setup.sh'
[1.351s] INFO:colcon.colcon_core.shell:Creating prefix script '/home/clara/ros2_ws/src/install/local_setup.bash'
[1.351s] INFO:colcon.colcon_core.shell:Creating prefix chain script '/home/clara/ros2_ws/src/install/setup.bash'
[1.352s] INFO:colcon.colcon_core.shell:Creating prefix script '/home/clara/ros2_ws/src/install/local_setup.zsh'
[1.352s] INFO:colcon.colcon_core.shell:Creating prefix chain script '/home/clara/ros2_ws/src/install/setup.zsh'
