[0.112s] DEBUG:colcon:Command line arguments: ['/usr/bin/colcon', 'build']
[0.112s] DEBUG:colcon:Parsed command line arguments: Namespace(log_base=None, log_level=None, verb_name='build', build_base='build', install_base='install', merge_install=False, symlink_install=False, test_result_base=None, continue_on_error=False, executor='parallel', parallel_workers=16, event_handlers=None, ignore_user_meta=False, metas=['./colcon.meta'], base_paths=['.'], packages_ignore=None, packages_ignore_regex=None, paths=None, packages_up_to=None, packages_up_to_regex=None, packages_above=None, packages_above_and_dependencies=None, packages_above_depth=None, packages_select_by_dep=None, packages_skip_by_dep=None, packages_skip_up_to=None, packages_select_build_failed=False, packages_skip_build_finished=False, packages_select_test_failures=False, packages_skip_test_passed=False, packages_select=None, packages_skip=None, packages_select_regex=None, packages_skip_regex=None, packages_start=None, packages_end=None, allow_overriding=[], cmake_args=None, cmake_target=None, cmake_target_skip_unavailable=False, cmake_clean_cache=False, cmake_clean_first=False, cmake_force_configure=False, ament_cmake_args=None, catkin_cmake_args=None, catkin_skip_building_tests=False, verb_parser=<colcon_defaults.argument_parser.defaults.DefaultArgumentsDecorator object at 0x7e4b4d26e380>, verb_extension=<colcon_core.verb.build.BuildVerb object at 0x7e4b4d2200a0>, main=<bound method BuildVerb.main of <colcon_core.verb.build.BuildVerb object at 0x7e4b4d2200a0>>)
[0.156s] Level 1:colcon.colcon_core.package_discovery:discover_packages(colcon_meta) check parameters
[0.157s] Level 1:colcon.colcon_core.package_discovery:discover_packages(recursive) check parameters
[0.157s] Level 1:colcon.colcon_core.package_discovery:discover_packages(ignore) check parameters
[0.157s] Level 1:colcon.colcon_core.package_discovery:discover_packages(path) check parameters
[0.157s] Level 1:colcon.colcon_core.package_discovery:discover_packages(colcon_meta) discover
[0.157s] Level 1:colcon.colcon_core.package_discovery:discover_packages(recursive) discover
[0.157s] INFO:colcon.colcon_core.package_discovery:Crawling recursively for packages in '/home/clara/ros2_ws/src'
[0.157s] Level 1:colcon.colcon_core.package_identification:_identify(.) by extensions ['ignore', 'ignore_ament_install']
[0.157s] Level 1:colcon.colcon_core.package_identification:_identify(.) by extension 'ignore'
[0.157s] Level 1:colcon.colcon_core.package_identification:_identify(.) by extension 'ignore_ament_install'
[0.158s] Level 1:colcon.colcon_core.package_identification:_identify(.) by extensions ['colcon_pkg']
[0.158s] Level 1:colcon.colcon_core.package_identification:_identify(.) by extension 'colcon_pkg'
[0.158s] Level 1:colcon.colcon_core.package_identification:_identify(.) by extensions ['colcon_meta']
[0.158s] Level 1:colcon.colcon_core.package_identification:_identify(.) by extension 'colcon_meta'
[0.158s] Level 1:colcon.colcon_core.package_identification:_identify(.) by extensions ['ros']
[0.158s] Level 1:colcon.colcon_core.package_identification:_identify(.) by extension 'ros'
[0.174s] Level 1:colcon.colcon_core.package_identification:_identify(.) by extensions ['cmake', 'python']
[0.174s] Level 1:colcon.colcon_core.package_identification:_identify(.) by extension 'cmake'
[0.174s] Level 1:colcon.colcon_core.package_identification:_identify(.) by extension 'python'
[0.174s] Level 1:colcon.colcon_core.package_identification:_identify(.) by extensions ['python_setup_py']
[0.174s] Level 1:colcon.colcon_core.package_identification:_identify(.) by extension 'python_setup_py'
[0.174s] Level 1:colcon.colcon_core.package_identification:_identify(apriltag_detection) by extensions ['ignore', 'ignore_ament_install']
[0.174s] Level 1:colcon.colcon_core.package_identification:_identify(apriltag_detection) by extension 'ignore'
[0.174s] Level 1:colcon.colcon_core.package_identification:_identify(apriltag_detection) by extension 'ignore_ament_install'
[0.174s] Level 1:colcon.colcon_core.package_identification:_identify(apriltag_detection) by extensions ['colcon_pkg']
[0.174s] Level 1:colcon.colcon_core.package_identification:_identify(apriltag_detection) by extension 'colcon_pkg'
[0.174s] Level 1:colcon.colcon_core.package_identification:_identify(apriltag_detection) by extensions ['colcon_meta']
[0.174s] Level 1:colcon.colcon_core.package_identification:_identify(apriltag_detection) by extension 'colcon_meta'
[0.174s] Level 1:colcon.colcon_core.package_identification:_identify(apriltag_detection) by extensions ['ros']
[0.175s] Level 1:colcon.colcon_core.package_identification:_identify(apriltag_detection) by extension 'ros'
[0.178s] DEBUG:colcon.colcon_core.package_identification:Package 'apriltag_detection' with type 'ros.ament_python' and name 'apriltag_detection'
[0.178s] Level 1:colcon.colcon_core.package_identification:_identify(build) by extensions ['ignore', 'ignore_ament_install']
[0.178s] Level 1:colcon.colcon_core.package_identification:_identify(build) by extension 'ignore'
[0.178s] Level 1:colcon.colcon_core.package_identification:_identify(build) ignored
[0.178s] Level 1:colcon.colcon_core.package_identification:_identify(install) by extensions ['ignore', 'ignore_ament_install']
[0.179s] Level 1:colcon.colcon_core.package_identification:_identify(install) by extension 'ignore'
[0.179s] Level 1:colcon.colcon_core.package_identification:_identify(install) ignored
[0.179s] Level 1:colcon.colcon_core.package_identification:_identify(log) by extensions ['ignore', 'ignore_ament_install']
[0.179s] Level 1:colcon.colcon_core.package_identification:_identify(log) by extension 'ignore'
[0.179s] Level 1:colcon.colcon_core.package_identification:_identify(log) ignored
[0.179s] Level 1:colcon.colcon_core.package_identification:_identify(my_dual_nodes) by extensions ['ignore', 'ignore_ament_install']
[0.179s] Level 1:colcon.colcon_core.package_identification:_identify(my_dual_nodes) by extension 'ignore'
[0.179s] Level 1:colcon.colcon_core.package_identification:_identify(my_dual_nodes) by extension 'ignore_ament_install'
[0.179s] Level 1:colcon.colcon_core.package_identification:_identify(my_dual_nodes) by extensions ['colcon_pkg']
[0.179s] Level 1:colcon.colcon_core.package_identification:_identify(my_dual_nodes) by extension 'colcon_pkg'
[0.179s] Level 1:colcon.colcon_core.package_identification:_identify(my_dual_nodes) by extensions ['colcon_meta']
[0.179s] Level 1:colcon.colcon_core.package_identification:_identify(my_dual_nodes) by extension 'colcon_meta'
[0.179s] Level 1:colcon.colcon_core.package_identification:_identify(my_dual_nodes) by extensions ['ros']
[0.179s] Level 1:colcon.colcon_core.package_identification:_identify(my_dual_nodes) by extension 'ros'
[0.180s] DEBUG:colcon.colcon_core.package_identification:Package 'my_dual_nodes' with type 'ros.ament_python' and name 'my_dual_nodes'
[0.180s] Level 1:colcon.colcon_core.package_identification:_identify(uav_control) by extensions ['ignore', 'ignore_ament_install']
[0.180s] Level 1:colcon.colcon_core.package_identification:_identify(uav_control) by extension 'ignore'
[0.180s] Level 1:colcon.colcon_core.package_identification:_identify(uav_control) by extension 'ignore_ament_install'
[0.181s] Level 1:colcon.colcon_core.package_identification:_identify(uav_control) by extensions ['colcon_pkg']
[0.181s] Level 1:colcon.colcon_core.package_identification:_identify(uav_control) by extension 'colcon_pkg'
[0.181s] Level 1:colcon.colcon_core.package_identification:_identify(uav_control) by extensions ['colcon_meta']
[0.181s] Level 1:colcon.colcon_core.package_identification:_identify(uav_control) by extension 'colcon_meta'
[0.181s] Level 1:colcon.colcon_core.package_identification:_identify(uav_control) by extensions ['ros']
[0.181s] Level 1:colcon.colcon_core.package_identification:_identify(uav_control) by extension 'ros'
[0.182s] DEBUG:colcon.colcon_core.package_identification:Failed to parse potential ROS package manifest in'uav_control': Error(s) in package 'uav_control/package.xml':
Error(s):
- The manifest of package "uav_control" (with format version 3) must not contain the following tags: build_type
[0.182s] Level 1:colcon.colcon_core.package_identification:_identify(uav_control) by extensions ['cmake', 'python']
[0.182s] Level 1:colcon.colcon_core.package_identification:_identify(uav_control) by extension 'cmake'
[0.182s] Level 1:colcon.colcon_core.package_identification:_identify(uav_control) by extension 'python'
[0.182s] DEBUG:colcon.colcon_core.package_identification:Python package in 'uav_control' passes arguments to the setup() function which requires a different identification extension than 'python'
[0.182s] Level 1:colcon.colcon_core.package_identification:_identify(uav_control) by extensions ['python_setup_py']
[0.182s] Level 1:colcon.colcon_core.package_identification:_identify(uav_control) by extension 'python_setup_py'
[0.379s] DEBUG:colcon.colcon_core.package_identification:Package 'uav_control' with type 'python' and name 'uav_control'
[0.379s] Level 1:colcon.colcon_core.package_identification:_identify(uav_following) by extensions ['ignore', 'ignore_ament_install']
[0.380s] Level 1:colcon.colcon_core.package_identification:_identify(uav_following) by extension 'ignore'
[0.380s] Level 1:colcon.colcon_core.package_identification:_identify(uav_following) by extension 'ignore_ament_install'
[0.380s] Level 1:colcon.colcon_core.package_identification:_identify(uav_following) by extensions ['colcon_pkg']
[0.380s] Level 1:colcon.colcon_core.package_identification:_identify(uav_following) by extension 'colcon_pkg'
[0.380s] Level 1:colcon.colcon_core.package_identification:_identify(uav_following) by extensions ['colcon_meta']
[0.380s] Level 1:colcon.colcon_core.package_identification:_identify(uav_following) by extension 'colcon_meta'
[0.380s] Level 1:colcon.colcon_core.package_identification:_identify(uav_following) by extensions ['ros']
[0.380s] Level 1:colcon.colcon_core.package_identification:_identify(uav_following) by extension 'ros'
[0.381s] DEBUG:colcon.colcon_core.package_identification:Package 'uav_following' with type 'ros.ament_python' and name 'uav_following'
[0.381s] Level 1:colcon.colcon_core.package_identification:_identify(uav_mission) by extensions ['ignore', 'ignore_ament_install']
[0.381s] Level 1:colcon.colcon_core.package_identification:_identify(uav_mission) by extension 'ignore'
[0.381s] Level 1:colcon.colcon_core.package_identification:_identify(uav_mission) by extension 'ignore_ament_install'
[0.381s] Level 1:colcon.colcon_core.package_identification:_identify(uav_mission) by extensions ['colcon_pkg']
[0.381s] Level 1:colcon.colcon_core.package_identification:_identify(uav_mission) by extension 'colcon_pkg'
[0.381s] Level 1:colcon.colcon_core.package_identification:_identify(uav_mission) by extensions ['colcon_meta']
[0.381s] Level 1:colcon.colcon_core.package_identification:_identify(uav_mission) by extension 'colcon_meta'
[0.381s] Level 1:colcon.colcon_core.package_identification:_identify(uav_mission) by extensions ['ros']
[0.381s] Level 1:colcon.colcon_core.package_identification:_identify(uav_mission) by extension 'ros'
[0.382s] DEBUG:colcon.colcon_core.package_identification:Package 'uav_mission' with type 'ros.ament_python' and name 'uav_mission'
[0.382s] Level 1:colcon.colcon_core.package_identification:_identify(vtol_apriltag_control) by extensions ['ignore', 'ignore_ament_install']
[0.382s] Level 1:colcon.colcon_core.package_identification:_identify(vtol_apriltag_control) by extension 'ignore'
[0.382s] Level 1:colcon.colcon_core.package_identification:_identify(vtol_apriltag_control) by extension 'ignore_ament_install'
[0.382s] Level 1:colcon.colcon_core.package_identification:_identify(vtol_apriltag_control) by extensions ['colcon_pkg']
[0.382s] Level 1:colcon.colcon_core.package_identification:_identify(vtol_apriltag_control) by extension 'colcon_pkg'
[0.382s] Level 1:colcon.colcon_core.package_identification:_identify(vtol_apriltag_control) by extensions ['colcon_meta']
[0.382s] Level 1:colcon.colcon_core.package_identification:_identify(vtol_apriltag_control) by extension 'colcon_meta'
[0.382s] Level 1:colcon.colcon_core.package_identification:_identify(vtol_apriltag_control) by extensions ['ros']
[0.382s] Level 1:colcon.colcon_core.package_identification:_identify(vtol_apriltag_control) by extension 'ros'
[0.383s] DEBUG:colcon.colcon_core.package_identification:Package 'vtol_apriltag_control' with type 'ros.ament_python' and name 'vtol_apriltag_control'
[0.384s] Level 1:colcon.colcon_core.package_discovery:discover_packages(recursive) using defaults
[0.384s] Level 1:colcon.colcon_core.package_discovery:discover_packages(ignore) discover
[0.384s] Level 1:colcon.colcon_core.package_discovery:discover_packages(ignore) using defaults
[0.384s] Level 1:colcon.colcon_core.package_discovery:discover_packages(path) discover
[0.384s] Level 1:colcon.colcon_core.package_discovery:discover_packages(path) using defaults
[0.406s] Level 1:colcon.colcon_core.package_discovery:discover_packages(prefix_path) check parameters
[0.406s] Level 1:colcon.colcon_core.package_discovery:discover_packages(prefix_path) discover
[0.407s] DEBUG:colcon.colcon_installed_package_information.package_discovery:Found 6 installed packages in /home/clara/ros2_ws/src/install
[0.408s] DEBUG:colcon.colcon_installed_package_information.package_discovery:Found 6 installed packages in /home/clara/ros2_ws/install
[0.410s] DEBUG:colcon.colcon_installed_package_information.package_discovery:Found 297 installed packages in /opt/ros/humble
[0.411s] Level 1:colcon.colcon_core.package_discovery:discover_packages(prefix_path) using defaults
[0.454s] Level 5:colcon.colcon_core.verb:set package 'apriltag_detection' build argument 'cmake_args' from command line to 'None'
[0.454s] Level 5:colcon.colcon_core.verb:set package 'apriltag_detection' build argument 'cmake_target' from command line to 'None'
[0.454s] Level 5:colcon.colcon_core.verb:set package 'apriltag_detection' build argument 'cmake_target_skip_unavailable' from command line to 'False'
[0.454s] Level 5:colcon.colcon_core.verb:set package 'apriltag_detection' build argument 'cmake_clean_cache' from command line to 'False'
[0.454s] Level 5:colcon.colcon_core.verb:set package 'apriltag_detection' build argument 'cmake_clean_first' from command line to 'False'
[0.455s] Level 5:colcon.colcon_core.verb:set package 'apriltag_detection' build argument 'cmake_force_configure' from command line to 'False'
[0.455s] Level 5:colcon.colcon_core.verb:set package 'apriltag_detection' build argument 'ament_cmake_args' from command line to 'None'
[0.455s] Level 5:colcon.colcon_core.verb:set package 'apriltag_detection' build argument 'catkin_cmake_args' from command line to 'None'
[0.455s] Level 5:colcon.colcon_core.verb:set package 'apriltag_detection' build argument 'catkin_skip_building_tests' from command line to 'False'
[0.455s] DEBUG:colcon.colcon_core.verb:Building package 'apriltag_detection' with the following arguments: {'ament_cmake_args': None, 'build_base': '/home/clara/ros2_ws/src/build/apriltag_detection', 'catkin_cmake_args': None, 'catkin_skip_building_tests': False, 'cmake_args': None, 'cmake_clean_cache': False, 'cmake_clean_first': False, 'cmake_force_configure': False, 'cmake_target': None, 'cmake_target_skip_unavailable': False, 'install_base': '/home/clara/ros2_ws/src/install/apriltag_detection', 'merge_install': False, 'path': '/home/clara/ros2_ws/src/apriltag_detection', 'symlink_install': False, 'test_result_base': None}
[0.455s] Level 5:colcon.colcon_core.verb:set package 'my_dual_nodes' build argument 'cmake_args' from command line to 'None'
[0.455s] Level 5:colcon.colcon_core.verb:set package 'my_dual_nodes' build argument 'cmake_target' from command line to 'None'
[0.455s] Level 5:colcon.colcon_core.verb:set package 'my_dual_nodes' build argument 'cmake_target_skip_unavailable' from command line to 'False'
[0.455s] Level 5:colcon.colcon_core.verb:set package 'my_dual_nodes' build argument 'cmake_clean_cache' from command line to 'False'
[0.455s] Level 5:colcon.colcon_core.verb:set package 'my_dual_nodes' build argument 'cmake_clean_first' from command line to 'False'
[0.455s] Level 5:colcon.colcon_core.verb:set package 'my_dual_nodes' build argument 'cmake_force_configure' from command line to 'False'
[0.455s] Level 5:colcon.colcon_core.verb:set package 'my_dual_nodes' build argument 'ament_cmake_args' from command line to 'None'
[0.455s] Level 5:colcon.colcon_core.verb:set package 'my_dual_nodes' build argument 'catkin_cmake_args' from command line to 'None'
[0.455s] Level 5:colcon.colcon_core.verb:set package 'my_dual_nodes' build argument 'catkin_skip_building_tests' from command line to 'False'
[0.455s] DEBUG:colcon.colcon_core.verb:Building package 'my_dual_nodes' with the following arguments: {'ament_cmake_args': None, 'build_base': '/home/clara/ros2_ws/src/build/my_dual_nodes', 'catkin_cmake_args': None, 'catkin_skip_building_tests': False, 'cmake_args': None, 'cmake_clean_cache': False, 'cmake_clean_first': False, 'cmake_force_configure': False, 'cmake_target': None, 'cmake_target_skip_unavailable': False, 'install_base': '/home/clara/ros2_ws/src/install/my_dual_nodes', 'merge_install': False, 'path': '/home/clara/ros2_ws/src/my_dual_nodes', 'symlink_install': False, 'test_result_base': None}
[0.455s] Level 5:colcon.colcon_core.verb:set package 'uav_control' build argument 'cmake_args' from command line to 'None'
[0.456s] Level 5:colcon.colcon_core.verb:set package 'uav_control' build argument 'cmake_target' from command line to 'None'
[0.456s] Level 5:colcon.colcon_core.verb:set package 'uav_control' build argument 'cmake_target_skip_unavailable' from command line to 'False'
[0.456s] Level 5:colcon.colcon_core.verb:set package 'uav_control' build argument 'cmake_clean_cache' from command line to 'False'
[0.456s] Level 5:colcon.colcon_core.verb:set package 'uav_control' build argument 'cmake_clean_first' from command line to 'False'
[0.456s] Level 5:colcon.colcon_core.verb:set package 'uav_control' build argument 'cmake_force_configure' from command line to 'False'
[0.456s] Level 5:colcon.colcon_core.verb:set package 'uav_control' build argument 'ament_cmake_args' from command line to 'None'
[0.456s] Level 5:colcon.colcon_core.verb:set package 'uav_control' build argument 'catkin_cmake_args' from command line to 'None'
[0.456s] Level 5:colcon.colcon_core.verb:set package 'uav_control' build argument 'catkin_skip_building_tests' from command line to 'False'
[0.456s] DEBUG:colcon.colcon_core.verb:Building package 'uav_control' with the following arguments: {'ament_cmake_args': None, 'build_base': '/home/clara/ros2_ws/src/build/uav_control', 'catkin_cmake_args': None, 'catkin_skip_building_tests': False, 'cmake_args': None, 'cmake_clean_cache': False, 'cmake_clean_first': False, 'cmake_force_configure': False, 'cmake_target': None, 'cmake_target_skip_unavailable': False, 'install_base': '/home/clara/ros2_ws/src/install/uav_control', 'merge_install': False, 'path': '/home/clara/ros2_ws/src/uav_control', 'symlink_install': False, 'test_result_base': None}
[0.456s] Level 5:colcon.colcon_core.verb:set package 'uav_following' build argument 'cmake_args' from command line to 'None'
[0.456s] Level 5:colcon.colcon_core.verb:set package 'uav_following' build argument 'cmake_target' from command line to 'None'
[0.456s] Level 5:colcon.colcon_core.verb:set package 'uav_following' build argument 'cmake_target_skip_unavailable' from command line to 'False'
[0.456s] Level 5:colcon.colcon_core.verb:set package 'uav_following' build argument 'cmake_clean_cache' from command line to 'False'
[0.456s] Level 5:colcon.colcon_core.verb:set package 'uav_following' build argument 'cmake_clean_first' from command line to 'False'
[0.456s] Level 5:colcon.colcon_core.verb:set package 'uav_following' build argument 'cmake_force_configure' from command line to 'False'
[0.456s] Level 5:colcon.colcon_core.verb:set package 'uav_following' build argument 'ament_cmake_args' from command line to 'None'
[0.456s] Level 5:colcon.colcon_core.verb:set package 'uav_following' build argument 'catkin_cmake_args' from command line to 'None'
[0.456s] Level 5:colcon.colcon_core.verb:set package 'uav_following' build argument 'catkin_skip_building_tests' from command line to 'False'
[0.456s] DEBUG:colcon.colcon_core.verb:Building package 'uav_following' with the following arguments: {'ament_cmake_args': None, 'build_base': '/home/clara/ros2_ws/src/build/uav_following', 'catkin_cmake_args': None, 'catkin_skip_building_tests': False, 'cmake_args': None, 'cmake_clean_cache': False, 'cmake_clean_first': False, 'cmake_force_configure': False, 'cmake_target': None, 'cmake_target_skip_unavailable': False, 'install_base': '/home/clara/ros2_ws/src/install/uav_following', 'merge_install': False, 'path': '/home/clara/ros2_ws/src/uav_following', 'symlink_install': False, 'test_result_base': None}
[0.457s] Level 5:colcon.colcon_core.verb:set package 'uav_mission' build argument 'cmake_args' from command line to 'None'
[0.457s] Level 5:colcon.colcon_core.verb:set package 'uav_mission' build argument 'cmake_target' from command line to 'None'
[0.457s] Level 5:colcon.colcon_core.verb:set package 'uav_mission' build argument 'cmake_target_skip_unavailable' from command line to 'False'
[0.457s] Level 5:colcon.colcon_core.verb:set package 'uav_mission' build argument 'cmake_clean_cache' from command line to 'False'
[0.457s] Level 5:colcon.colcon_core.verb:set package 'uav_mission' build argument 'cmake_clean_first' from command line to 'False'
[0.457s] Level 5:colcon.colcon_core.verb:set package 'uav_mission' build argument 'cmake_force_configure' from command line to 'False'
[0.457s] Level 5:colcon.colcon_core.verb:set package 'uav_mission' build argument 'ament_cmake_args' from command line to 'None'
[0.457s] Level 5:colcon.colcon_core.verb:set package 'uav_mission' build argument 'catkin_cmake_args' from command line to 'None'
[0.457s] Level 5:colcon.colcon_core.verb:set package 'uav_mission' build argument 'catkin_skip_building_tests' from command line to 'False'
[0.457s] DEBUG:colcon.colcon_core.verb:Building package 'uav_mission' with the following arguments: {'ament_cmake_args': None, 'build_base': '/home/clara/ros2_ws/src/build/uav_mission', 'catkin_cmake_args': None, 'catkin_skip_building_tests': False, 'cmake_args': None, 'cmake_clean_cache': False, 'cmake_clean_first': False, 'cmake_force_configure': False, 'cmake_target': None, 'cmake_target_skip_unavailable': False, 'install_base': '/home/clara/ros2_ws/src/install/uav_mission', 'merge_install': False, 'path': '/home/clara/ros2_ws/src/uav_mission', 'symlink_install': False, 'test_result_base': None}
[0.457s] Level 5:colcon.colcon_core.verb:set package 'vtol_apriltag_control' build argument 'cmake_args' from command line to 'None'
[0.457s] Level 5:colcon.colcon_core.verb:set package 'vtol_apriltag_control' build argument 'cmake_target' from command line to 'None'
[0.457s] Level 5:colcon.colcon_core.verb:set package 'vtol_apriltag_control' build argument 'cmake_target_skip_unavailable' from command line to 'False'
[0.457s] Level 5:colcon.colcon_core.verb:set package 'vtol_apriltag_control' build argument 'cmake_clean_cache' from command line to 'False'
[0.457s] Level 5:colcon.colcon_core.verb:set package 'vtol_apriltag_control' build argument 'cmake_clean_first' from command line to 'False'
[0.458s] Level 5:colcon.colcon_core.verb:set package 'vtol_apriltag_control' build argument 'cmake_force_configure' from command line to 'False'
[0.458s] Level 5:colcon.colcon_core.verb:set package 'vtol_apriltag_control' build argument 'ament_cmake_args' from command line to 'None'
[0.458s] Level 5:colcon.colcon_core.verb:set package 'vtol_apriltag_control' build argument 'catkin_cmake_args' from command line to 'None'
[0.458s] Level 5:colcon.colcon_core.verb:set package 'vtol_apriltag_control' build argument 'catkin_skip_building_tests' from command line to 'False'
[0.458s] DEBUG:colcon.colcon_core.verb:Building package 'vtol_apriltag_control' with the following arguments: {'ament_cmake_args': None, 'build_base': '/home/clara/ros2_ws/src/build/vtol_apriltag_control', 'catkin_cmake_args': None, 'catkin_skip_building_tests': False, 'cmake_args': None, 'cmake_clean_cache': False, 'cmake_clean_first': False, 'cmake_force_configure': False, 'cmake_target': None, 'cmake_target_skip_unavailable': False, 'install_base': '/home/clara/ros2_ws/src/install/vtol_apriltag_control', 'merge_install': False, 'path': '/home/clara/ros2_ws/src/vtol_apriltag_control', 'symlink_install': False, 'test_result_base': None}
[0.458s] INFO:colcon.colcon_core.executor:Executing jobs using 'parallel' executor
[0.460s] DEBUG:colcon.colcon_parallel_executor.executor.parallel:run_until_complete
[0.460s] INFO:colcon.colcon_ros.task.ament_python.build:Building ROS package in '/home/clara/ros2_ws/src/apriltag_detection' with build type 'ament_python'
[0.460s] Level 1:colcon.colcon_core.shell:create_environment_hook('apriltag_detection', 'ament_prefix_path')
[0.464s] INFO:colcon.colcon_core.plugin_system:Skipping extension 'colcon_core.shell.bat': Not used on non-Windows systems
[0.464s] INFO:colcon.colcon_core.shell:Creating environment hook '/home/clara/ros2_ws/src/install/apriltag_detection/share/apriltag_detection/hook/ament_prefix_path.ps1'
[0.465s] INFO:colcon.colcon_core.shell:Creating environment descriptor '/home/clara/ros2_ws/src/install/apriltag_detection/share/apriltag_detection/hook/ament_prefix_path.dsv'
[0.465s] INFO:colcon.colcon_core.shell:Creating environment hook '/home/clara/ros2_ws/src/install/apriltag_detection/share/apriltag_detection/hook/ament_prefix_path.sh'
[0.466s] INFO:colcon.colcon_core.shell:Skip shell extension 'powershell' for command environment: Not usable outside of PowerShell
[0.466s] DEBUG:colcon.colcon_core.shell:Skip shell extension 'dsv' for command environment
[0.470s] INFO:colcon.colcon_ros.task.ament_python.build:Building ROS package in '/home/clara/ros2_ws/src/my_dual_nodes' with build type 'ament_python'
[0.470s] Level 1:colcon.colcon_core.shell:create_environment_hook('my_dual_nodes', 'ament_prefix_path')
[0.470s] INFO:colcon.colcon_core.shell:Creating environment hook '/home/clara/ros2_ws/src/install/my_dual_nodes/share/my_dual_nodes/hook/ament_prefix_path.ps1'
[0.470s] INFO:colcon.colcon_core.shell:Creating environment descriptor '/home/clara/ros2_ws/src/install/my_dual_nodes/share/my_dual_nodes/hook/ament_prefix_path.dsv'
[0.471s] INFO:colcon.colcon_core.shell:Creating environment hook '/home/clara/ros2_ws/src/install/my_dual_nodes/share/my_dual_nodes/hook/ament_prefix_path.sh'
[0.471s] INFO:colcon.colcon_core.shell:Skip shell extension 'powershell' for command environment: Not usable outside of PowerShell
[0.471s] DEBUG:colcon.colcon_core.shell:Skip shell extension 'dsv' for command environment
[0.475s] INFO:colcon.colcon_core.task.python.build:Building Python package in '/home/clara/ros2_ws/src/uav_control'
[0.475s] INFO:colcon.colcon_core.shell:Skip shell extension 'powershell' for command environment: Not usable outside of PowerShell
[0.475s] DEBUG:colcon.colcon_core.shell:Skip shell extension 'dsv' for command environment
[0.479s] INFO:colcon.colcon_ros.task.ament_python.build:Building ROS package in '/home/clara/ros2_ws/src/uav_following' with build type 'ament_python'
[0.479s] Level 1:colcon.colcon_core.shell:create_environment_hook('uav_following', 'ament_prefix_path')
[0.480s] INFO:colcon.colcon_core.shell:Creating environment hook '/home/clara/ros2_ws/src/install/uav_following/share/uav_following/hook/ament_prefix_path.ps1'
[0.481s] INFO:colcon.colcon_core.shell:Creating environment descriptor '/home/clara/ros2_ws/src/install/uav_following/share/uav_following/hook/ament_prefix_path.dsv'
[0.481s] INFO:colcon.colcon_core.shell:Creating environment hook '/home/clara/ros2_ws/src/install/uav_following/share/uav_following/hook/ament_prefix_path.sh'
[0.482s] INFO:colcon.colcon_core.shell:Skip shell extension 'powershell' for command environment: Not usable outside of PowerShell
[0.482s] DEBUG:colcon.colcon_core.shell:Skip shell extension 'dsv' for command environment
[0.487s] INFO:colcon.colcon_ros.task.ament_python.build:Building ROS package in '/home/clara/ros2_ws/src/uav_mission' with build type 'ament_python'
[0.487s] Level 1:colcon.colcon_core.shell:create_environment_hook('uav_mission', 'ament_prefix_path')
[0.488s] INFO:colcon.colcon_core.shell:Creating environment hook '/home/clara/ros2_ws/src/install/uav_mission/share/uav_mission/hook/ament_prefix_path.ps1'
[0.490s] INFO:colcon.colcon_core.shell:Creating environment descriptor '/home/clara/ros2_ws/src/install/uav_mission/share/uav_mission/hook/ament_prefix_path.dsv'
[0.491s] INFO:colcon.colcon_core.shell:Creating environment hook '/home/clara/ros2_ws/src/install/uav_mission/share/uav_mission/hook/ament_prefix_path.sh'
[0.492s] INFO:colcon.colcon_core.shell:Skip shell extension 'powershell' for command environment: Not usable outside of PowerShell
[0.492s] DEBUG:colcon.colcon_core.shell:Skip shell extension 'dsv' for command environment
[0.495s] INFO:colcon.colcon_ros.task.ament_python.build:Building ROS package in '/home/clara/ros2_ws/src/vtol_apriltag_control' with build type 'ament_python'
[0.496s] Level 1:colcon.colcon_core.shell:create_environment_hook('vtol_apriltag_control', 'ament_prefix_path')
[0.496s] INFO:colcon.colcon_core.shell:Creating environment hook '/home/clara/ros2_ws/src/install/vtol_apriltag_control/share/vtol_apriltag_control/hook/ament_prefix_path.ps1'
[0.497s] INFO:colcon.colcon_core.shell:Creating environment descriptor '/home/clara/ros2_ws/src/install/vtol_apriltag_control/share/vtol_apriltag_control/hook/ament_prefix_path.dsv'
[0.497s] INFO:colcon.colcon_core.shell:Creating environment hook '/home/clara/ros2_ws/src/install/vtol_apriltag_control/share/vtol_apriltag_control/hook/ament_prefix_path.sh'
[0.498s] INFO:colcon.colcon_core.shell:Skip shell extension 'powershell' for command environment: Not usable outside of PowerShell
[0.498s] DEBUG:colcon.colcon_core.shell:Skip shell extension 'dsv' for command environment
[0.725s] INFO:colcon.colcon_core.task.python.build:Building Python package in '/home/clara/ros2_ws/src/apriltag_detection'
[0.725s] INFO:colcon.colcon_core.shell:Skip shell extension 'powershell' for command environment: Not usable outside of PowerShell
[0.725s] DEBUG:colcon.colcon_core.shell:Skip shell extension 'dsv' for command environment
[0.935s] INFO:colcon.colcon_core.task.python.build:Building Python package in '/home/clara/ros2_ws/src/my_dual_nodes'
[0.935s] INFO:colcon.colcon_core.shell:Skip shell extension 'powershell' for command environment: Not usable outside of PowerShell
[0.935s] DEBUG:colcon.colcon_core.shell:Skip shell extension 'dsv' for command environment
[1.386s] INFO:colcon.colcon_core.task.python.build:Building Python package in '/home/clara/ros2_ws/src/uav_following'
[1.386s] INFO:colcon.colcon_core.shell:Skip shell extension 'powershell' for command environment: Not usable outside of PowerShell
[1.386s] DEBUG:colcon.colcon_core.shell:Skip shell extension 'dsv' for command environment
[1.649s] INFO:colcon.colcon_core.task.python.build:Building Python package in '/home/clara/ros2_ws/src/uav_mission'
[1.650s] INFO:colcon.colcon_core.shell:Skip shell extension 'powershell' for command environment: Not usable outside of PowerShell
[1.650s] DEBUG:colcon.colcon_core.shell:Skip shell extension 'dsv' for command environment
[1.860s] INFO:colcon.colcon_core.task.python.build:Building Python package in '/home/clara/ros2_ws/src/vtol_apriltag_control'
[1.861s] INFO:colcon.colcon_core.shell:Skip shell extension 'powershell' for command environment: Not usable outside of PowerShell
[1.861s] DEBUG:colcon.colcon_core.shell:Skip shell extension 'dsv' for command environment
[1.874s] DEBUG:colcon.colcon_core.event_handler.log_command:Invoking command in '/home/clara/ros2_ws/src/uav_control': PYTHONPATH=/home/clara/ros2_ws/src/build/uav_control/prefix_override:/usr/lib/python3/dist-packages/colcon_core/task/python/colcon_distutils_commands:/home/clara/ros2_ws/src/install/uav_control/lib/python3.10/site-packages:${PYTHONPATH} /usr/bin/python3 -W ignore:setup.py install is deprecated -W ignore:easy_install command is deprecated setup.py egg_info --egg-base ../build/uav_control build --build-base /home/clara/ros2_ws/src/build/uav_control/build install --record /home/clara/ros2_ws/src/build/uav_control/install.log --single-version-externally-managed install_data
[2.533s] DEBUG:colcon.colcon_core.event_handler.log_command:Invoking command in '/home/clara/ros2_ws/src/uav_following': PYTHONPATH=/home/clara/ros2_ws/src/build/uav_following/prefix_override:/usr/lib/python3/dist-packages/colcon_core/task/python/colcon_distutils_commands:/home/clara/ros2_ws/src/install/uav_following/lib/python3.10/site-packages:${PYTHONPATH} /usr/bin/python3 -W ignore:setup.py install is deprecated -W ignore:easy_install command is deprecated setup.py egg_info --egg-base ../build/uav_following build --build-base /home/clara/ros2_ws/src/build/uav_following/build install --record /home/clara/ros2_ws/src/build/uav_following/install.log --single-version-externally-managed install_data
[2.536s] DEBUG:colcon.colcon_core.event_handler.log_command:Invoking command in '/home/clara/ros2_ws/src/my_dual_nodes': PYTHONPATH=/home/clara/ros2_ws/src/build/my_dual_nodes/prefix_override:/usr/lib/python3/dist-packages/colcon_core/task/python/colcon_distutils_commands:/home/clara/ros2_ws/src/install/my_dual_nodes/lib/python3.10/site-packages:${PYTHONPATH} /usr/bin/python3 -W ignore:setup.py install is deprecated -W ignore:easy_install command is deprecated setup.py egg_info --egg-base ../build/my_dual_nodes build --build-base /home/clara/ros2_ws/src/build/my_dual_nodes/build install --record /home/clara/ros2_ws/src/build/my_dual_nodes/install.log --single-version-externally-managed install_data
[2.540s] DEBUG:colcon.colcon_core.event_handler.log_command:Invoking command in '/home/clara/ros2_ws/src/apriltag_detection': PYTHONPATH=/home/clara/ros2_ws/src/build/apriltag_detection/prefix_override:/usr/lib/python3/dist-packages/colcon_core/task/python/colcon_distutils_commands:/home/clara/ros2_ws/src/install/apriltag_detection/lib/python3.10/site-packages:${PYTHONPATH} /usr/bin/python3 -W ignore:setup.py install is deprecated -W ignore:easy_install command is deprecated setup.py egg_info --egg-base ../build/apriltag_detection build --build-base /home/clara/ros2_ws/src/build/apriltag_detection/build install --record /home/clara/ros2_ws/src/build/apriltag_detection/install.log --single-version-externally-managed install_data
[2.549s] DEBUG:colcon.colcon_core.event_handler.log_command:Invoked command in '/home/clara/ros2_ws/src/uav_control' returned '0': PYTHONPATH=/home/clara/ros2_ws/src/build/uav_control/prefix_override:/usr/lib/python3/dist-packages/colcon_core/task/python/colcon_distutils_commands:/home/clara/ros2_ws/src/install/uav_control/lib/python3.10/site-packages:${PYTHONPATH} /usr/bin/python3 -W ignore:setup.py install is deprecated -W ignore:easy_install command is deprecated setup.py egg_info --egg-base ../build/uav_control build --build-base /home/clara/ros2_ws/src/build/uav_control/build install --record /home/clara/ros2_ws/src/build/uav_control/install.log --single-version-externally-managed install_data
[2.553s] Level 1:colcon.colcon_core.environment:checking '/home/clara/ros2_ws/src/install/uav_control' for CMake module files
[2.553s] Level 1:colcon.colcon_core.environment:checking '/home/clara/ros2_ws/src/install/uav_control' for CMake config files
[2.554s] Level 1:colcon.colcon_core.environment:checking '/home/clara/ros2_ws/src/install/uav_control/lib'
[2.554s] Level 1:colcon.colcon_core.environment:checking '/home/clara/ros2_ws/src/install/uav_control/bin'
[2.554s] Level 1:colcon.colcon_core.environment:checking '/home/clara/ros2_ws/src/install/uav_control/lib/pkgconfig/uav_control.pc'
[2.555s] Level 1:colcon.colcon_core.environment:checking '/home/clara/ros2_ws/src/install/uav_control/lib/python3.10/site-packages'
[2.555s] Level 1:colcon.colcon_core.shell:create_environment_hook('uav_control', 'pythonpath')
[2.555s] INFO:colcon.colcon_core.shell:Creating environment hook '/home/clara/ros2_ws/src/install/uav_control/share/uav_control/hook/pythonpath.ps1'
[2.556s] INFO:colcon.colcon_core.shell:Creating environment descriptor '/home/clara/ros2_ws/src/install/uav_control/share/uav_control/hook/pythonpath.dsv'
[2.556s] INFO:colcon.colcon_core.shell:Creating environment hook '/home/clara/ros2_ws/src/install/uav_control/share/uav_control/hook/pythonpath.sh'
[2.557s] Level 1:colcon.colcon_core.environment:checking '/home/clara/ros2_ws/src/install/uav_control/bin'
[2.557s] Level 1:colcon.colcon_core.environment:create_environment_scripts_only(uav_control)
[2.557s] INFO:colcon.colcon_core.shell:Creating package script '/home/clara/ros2_ws/src/install/uav_control/share/uav_control/package.ps1'
[2.559s] INFO:colcon.colcon_core.shell:Creating package descriptor '/home/clara/ros2_ws/src/install/uav_control/share/uav_control/package.dsv'
[2.559s] INFO:colcon.colcon_core.shell:Creating package script '/home/clara/ros2_ws/src/install/uav_control/share/uav_control/package.sh'
[2.560s] INFO:colcon.colcon_core.shell:Creating package script '/home/clara/ros2_ws/src/install/uav_control/share/uav_control/package.bash'
[2.561s] INFO:colcon.colcon_core.shell:Creating package script '/home/clara/ros2_ws/src/install/uav_control/share/uav_control/package.zsh'
[2.561s] Level 1:colcon.colcon_core.environment:create_file_with_runtime_dependencies(/home/clara/ros2_ws/src/install/uav_control/share/colcon-core/packages/uav_control)
[2.567s] DEBUG:colcon.colcon_core.event_handler.log_command:Invoking command in '/home/clara/ros2_ws/src/uav_mission': PYTHONPATH=/home/clara/ros2_ws/src/build/uav_mission/prefix_override:/usr/lib/python3/dist-packages/colcon_core/task/python/colcon_distutils_commands:/home/clara/ros2_ws/src/install/uav_mission/lib/python3.10/site-packages:${PYTHONPATH} /usr/bin/python3 -W ignore:setup.py install is deprecated -W ignore:easy_install command is deprecated setup.py egg_info --egg-base ../build/uav_mission build --build-base /home/clara/ros2_ws/src/build/uav_mission/build install --record /home/clara/ros2_ws/src/build/uav_mission/install.log --single-version-externally-managed install_data
[2.581s] DEBUG:colcon.colcon_core.event_handler.log_command:Invoking command in '/home/clara/ros2_ws/src/vtol_apriltag_control': PYTHONPATH=/home/clara/ros2_ws/src/build/vtol_apriltag_control/prefix_override:/usr/lib/python3/dist-packages/colcon_core/task/python/colcon_distutils_commands:/home/clara/ros2_ws/src/install/vtol_apriltag_control/lib/python3.10/site-packages:${PYTHONPATH} /usr/bin/python3 -W ignore:setup.py install is deprecated -W ignore:easy_install command is deprecated setup.py egg_info --egg-base ../build/vtol_apriltag_control build --build-base /home/clara/ros2_ws/src/build/vtol_apriltag_control/build install --record /home/clara/ros2_ws/src/build/vtol_apriltag_control/install.log --single-version-externally-managed install_data
[3.157s] Level 1:colcon.colcon_core.environment:checking '/home/clara/ros2_ws/src/install/my_dual_nodes' for CMake module files
[3.159s] Level 1:colcon.colcon_core.environment:checking '/home/clara/ros2_ws/src/install/my_dual_nodes' for CMake config files
[3.159s] Level 1:colcon.colcon_core.environment:checking '/home/clara/ros2_ws/src/install/my_dual_nodes/lib'
[3.159s] Level 1:colcon.colcon_core.environment:checking '/home/clara/ros2_ws/src/install/my_dual_nodes/bin'
[3.159s] Level 1:colcon.colcon_core.environment:checking '/home/clara/ros2_ws/src/install/my_dual_nodes/lib/pkgconfig/my_dual_nodes.pc'
[3.160s] Level 1:colcon.colcon_core.environment:checking '/home/clara/ros2_ws/src/install/my_dual_nodes/lib/python3.10/site-packages'
[3.160s] Level 1:colcon.colcon_core.shell:create_environment_hook('my_dual_nodes', 'pythonpath')
[3.160s] INFO:colcon.colcon_core.shell:Creating environment hook '/home/clara/ros2_ws/src/install/my_dual_nodes/share/my_dual_nodes/hook/pythonpath.ps1'
[3.161s] INFO:colcon.colcon_core.shell:Creating environment descriptor '/home/clara/ros2_ws/src/install/my_dual_nodes/share/my_dual_nodes/hook/pythonpath.dsv'
[3.161s] INFO:colcon.colcon_core.shell:Creating environment hook '/home/clara/ros2_ws/src/install/my_dual_nodes/share/my_dual_nodes/hook/pythonpath.sh'
[3.162s] DEBUG:colcon.colcon_core.event_handler.log_command:Invoked command in '/home/clara/ros2_ws/src/my_dual_nodes' returned '0': PYTHONPATH=/home/clara/ros2_ws/src/build/my_dual_nodes/prefix_override:/usr/lib/python3/dist-packages/colcon_core/task/python/colcon_distutils_commands:/home/clara/ros2_ws/src/install/my_dual_nodes/lib/python3.10/site-packages:${PYTHONPATH} /usr/bin/python3 -W ignore:setup.py install is deprecated -W ignore:easy_install command is deprecated setup.py egg_info --egg-base ../build/my_dual_nodes build --build-base /home/clara/ros2_ws/src/build/my_dual_nodes/build install --record /home/clara/ros2_ws/src/build/my_dual_nodes/install.log --single-version-externally-managed install_data
[3.162s] Level 1:colcon.colcon_core.environment:checking '/home/clara/ros2_ws/src/install/my_dual_nodes/bin'
[3.163s] Level 1:colcon.colcon_core.environment:create_environment_scripts_only(my_dual_nodes)
[3.163s] INFO:colcon.colcon_core.shell:Creating package script '/home/clara/ros2_ws/src/install/my_dual_nodes/share/my_dual_nodes/package.ps1'
[3.164s] INFO:colcon.colcon_core.shell:Creating package descriptor '/home/clara/ros2_ws/src/install/my_dual_nodes/share/my_dual_nodes/package.dsv'
[3.165s] INFO:colcon.colcon_core.shell:Creating package script '/home/clara/ros2_ws/src/install/my_dual_nodes/share/my_dual_nodes/package.sh'
[3.165s] INFO:colcon.colcon_core.shell:Creating package script '/home/clara/ros2_ws/src/install/my_dual_nodes/share/my_dual_nodes/package.bash'
[3.166s] INFO:colcon.colcon_core.shell:Creating package script '/home/clara/ros2_ws/src/install/my_dual_nodes/share/my_dual_nodes/package.zsh'
[3.166s] Level 1:colcon.colcon_core.environment:create_file_with_runtime_dependencies(/home/clara/ros2_ws/src/install/my_dual_nodes/share/colcon-core/packages/my_dual_nodes)
[3.169s] Level 1:colcon.colcon_core.environment:checking '/home/clara/ros2_ws/src/install/apriltag_detection' for CMake module files
[3.169s] DEBUG:colcon.colcon_core.event_handler.log_command:Invoked command in '/home/clara/ros2_ws/src/apriltag_detection' returned '0': PYTHONPATH=/home/clara/ros2_ws/src/build/apriltag_detection/prefix_override:/usr/lib/python3/dist-packages/colcon_core/task/python/colcon_distutils_commands:/home/clara/ros2_ws/src/install/apriltag_detection/lib/python3.10/site-packages:${PYTHONPATH} /usr/bin/python3 -W ignore:setup.py install is deprecated -W ignore:easy_install command is deprecated setup.py egg_info --egg-base ../build/apriltag_detection build --build-base /home/clara/ros2_ws/src/build/apriltag_detection/build install --record /home/clara/ros2_ws/src/build/apriltag_detection/install.log --single-version-externally-managed install_data
[3.170s] Level 1:colcon.colcon_core.environment:checking '/home/clara/ros2_ws/src/install/apriltag_detection' for CMake config files
[3.170s] Level 1:colcon.colcon_core.environment:checking '/home/clara/ros2_ws/src/install/apriltag_detection/lib'
[3.170s] Level 1:colcon.colcon_core.environment:checking '/home/clara/ros2_ws/src/install/apriltag_detection/bin'
[3.170s] Level 1:colcon.colcon_core.environment:checking '/home/clara/ros2_ws/src/install/apriltag_detection/lib/pkgconfig/apriltag_detection.pc'
[3.170s] Level 1:colcon.colcon_core.environment:checking '/home/clara/ros2_ws/src/install/apriltag_detection/lib/python3.10/site-packages'
[3.170s] Level 1:colcon.colcon_core.shell:create_environment_hook('apriltag_detection', 'pythonpath')
[3.171s] INFO:colcon.colcon_core.shell:Creating environment hook '/home/clara/ros2_ws/src/install/apriltag_detection/share/apriltag_detection/hook/pythonpath.ps1'
[3.171s] INFO:colcon.colcon_core.shell:Creating environment descriptor '/home/clara/ros2_ws/src/install/apriltag_detection/share/apriltag_detection/hook/pythonpath.dsv'
[3.172s] INFO:colcon.colcon_core.shell:Creating environment hook '/home/clara/ros2_ws/src/install/apriltag_detection/share/apriltag_detection/hook/pythonpath.sh'
[3.172s] Level 1:colcon.colcon_core.environment:checking '/home/clara/ros2_ws/src/install/apriltag_detection/bin'
[3.172s] Level 1:colcon.colcon_core.environment:create_environment_scripts_only(apriltag_detection)
[3.172s] INFO:colcon.colcon_core.shell:Creating package script '/home/clara/ros2_ws/src/install/apriltag_detection/share/apriltag_detection/package.ps1'
[3.173s] INFO:colcon.colcon_core.shell:Creating package descriptor '/home/clara/ros2_ws/src/install/apriltag_detection/share/apriltag_detection/package.dsv'
[3.173s] INFO:colcon.colcon_core.shell:Creating package script '/home/clara/ros2_ws/src/install/apriltag_detection/share/apriltag_detection/package.sh'
[3.174s] INFO:colcon.colcon_core.shell:Creating package script '/home/clara/ros2_ws/src/install/apriltag_detection/share/apriltag_detection/package.bash'
[3.174s] INFO:colcon.colcon_core.shell:Creating package script '/home/clara/ros2_ws/src/install/apriltag_detection/share/apriltag_detection/package.zsh'
[3.174s] Level 1:colcon.colcon_core.environment:create_file_with_runtime_dependencies(/home/clara/ros2_ws/src/install/apriltag_detection/share/colcon-core/packages/apriltag_detection)
[3.192s] Level 1:colcon.colcon_core.environment:checking '/home/clara/ros2_ws/src/install/uav_mission' for CMake module files
[3.193s] DEBUG:colcon.colcon_core.event_handler.log_command:Invoked command in '/home/clara/ros2_ws/src/uav_mission' returned '0': PYTHONPATH=/home/clara/ros2_ws/src/build/uav_mission/prefix_override:/usr/lib/python3/dist-packages/colcon_core/task/python/colcon_distutils_commands:/home/clara/ros2_ws/src/install/uav_mission/lib/python3.10/site-packages:${PYTHONPATH} /usr/bin/python3 -W ignore:setup.py install is deprecated -W ignore:easy_install command is deprecated setup.py egg_info --egg-base ../build/uav_mission build --build-base /home/clara/ros2_ws/src/build/uav_mission/build install --record /home/clara/ros2_ws/src/build/uav_mission/install.log --single-version-externally-managed install_data
[3.193s] Level 1:colcon.colcon_core.environment:checking '/home/clara/ros2_ws/src/install/uav_mission' for CMake config files
[3.193s] Level 1:colcon.colcon_core.environment:checking '/home/clara/ros2_ws/src/install/uav_mission/lib'
[3.194s] Level 1:colcon.colcon_core.environment:checking '/home/clara/ros2_ws/src/install/uav_mission/bin'
[3.194s] Level 1:colcon.colcon_core.environment:checking '/home/clara/ros2_ws/src/install/uav_mission/lib/pkgconfig/uav_mission.pc'
[3.194s] Level 1:colcon.colcon_core.environment:checking '/home/clara/ros2_ws/src/install/uav_mission/lib/python3.10/site-packages'
[3.194s] Level 1:colcon.colcon_core.shell:create_environment_hook('uav_mission', 'pythonpath')
[3.194s] INFO:colcon.colcon_core.shell:Creating environment hook '/home/clara/ros2_ws/src/install/uav_mission/share/uav_mission/hook/pythonpath.ps1'
[3.195s] INFO:colcon.colcon_core.shell:Creating environment descriptor '/home/clara/ros2_ws/src/install/uav_mission/share/uav_mission/hook/pythonpath.dsv'
[3.196s] INFO:colcon.colcon_core.shell:Creating environment hook '/home/clara/ros2_ws/src/install/uav_mission/share/uav_mission/hook/pythonpath.sh'
[3.196s] Level 1:colcon.colcon_core.environment:checking '/home/clara/ros2_ws/src/install/uav_mission/bin'
[3.196s] Level 1:colcon.colcon_core.environment:create_environment_scripts_only(uav_mission)
[3.197s] INFO:colcon.colcon_core.shell:Creating package script '/home/clara/ros2_ws/src/install/uav_mission/share/uav_mission/package.ps1'
[3.197s] INFO:colcon.colcon_core.shell:Creating package descriptor '/home/clara/ros2_ws/src/install/uav_mission/share/uav_mission/package.dsv'
[3.198s] INFO:colcon.colcon_core.shell:Creating package script '/home/clara/ros2_ws/src/install/uav_mission/share/uav_mission/package.sh'
[3.198s] INFO:colcon.colcon_core.shell:Creating package script '/home/clara/ros2_ws/src/install/uav_mission/share/uav_mission/package.bash'
[3.198s] INFO:colcon.colcon_core.shell:Creating package script '/home/clara/ros2_ws/src/install/uav_mission/share/uav_mission/package.zsh'
[3.199s] Level 1:colcon.colcon_core.environment:create_file_with_runtime_dependencies(/home/clara/ros2_ws/src/install/uav_mission/share/colcon-core/packages/uav_mission)
[3.336s] Level 1:colcon.colcon_core.environment:checking '/home/clara/ros2_ws/src/install/uav_following' for CMake module files
[3.337s] DEBUG:colcon.colcon_core.event_handler.log_command:Invoked command in '/home/clara/ros2_ws/src/uav_following' returned '0': PYTHONPATH=/home/clara/ros2_ws/src/build/uav_following/prefix_override:/usr/lib/python3/dist-packages/colcon_core/task/python/colcon_distutils_commands:/home/clara/ros2_ws/src/install/uav_following/lib/python3.10/site-packages:${PYTHONPATH} /usr/bin/python3 -W ignore:setup.py install is deprecated -W ignore:easy_install command is deprecated setup.py egg_info --egg-base ../build/uav_following build --build-base /home/clara/ros2_ws/src/build/uav_following/build install --record /home/clara/ros2_ws/src/build/uav_following/install.log --single-version-externally-managed install_data
[3.337s] Level 1:colcon.colcon_core.environment:checking '/home/clara/ros2_ws/src/install/uav_following' for CMake config files
[3.338s] Level 1:colcon.colcon_core.environment:checking '/home/clara/ros2_ws/src/install/uav_following/lib'
[3.338s] Level 1:colcon.colcon_core.environment:checking '/home/clara/ros2_ws/src/install/uav_following/bin'
[3.338s] Level 1:colcon.colcon_core.environment:checking '/home/clara/ros2_ws/src/install/uav_following/lib/pkgconfig/uav_following.pc'
[3.338s] Level 1:colcon.colcon_core.environment:checking '/home/clara/ros2_ws/src/install/uav_following/lib/python3.10/site-packages'
[3.338s] Level 1:colcon.colcon_core.shell:create_environment_hook('uav_following', 'pythonpath')
[3.338s] INFO:colcon.colcon_core.shell:Creating environment hook '/home/clara/ros2_ws/src/install/uav_following/share/uav_following/hook/pythonpath.ps1'
[3.339s] INFO:colcon.colcon_core.shell:Creating environment descriptor '/home/clara/ros2_ws/src/install/uav_following/share/uav_following/hook/pythonpath.dsv'
[3.339s] INFO:colcon.colcon_core.shell:Creating environment hook '/home/clara/ros2_ws/src/install/uav_following/share/uav_following/hook/pythonpath.sh'
[3.339s] Level 1:colcon.colcon_core.environment:checking '/home/clara/ros2_ws/src/install/uav_following/bin'
[3.340s] Level 1:colcon.colcon_core.environment:create_environment_scripts_only(uav_following)
[3.340s] INFO:colcon.colcon_core.shell:Creating package script '/home/clara/ros2_ws/src/install/uav_following/share/uav_following/package.ps1'
[3.340s] INFO:colcon.colcon_core.shell:Creating package descriptor '/home/clara/ros2_ws/src/install/uav_following/share/uav_following/package.dsv'
[3.341s] INFO:colcon.colcon_core.shell:Creating package script '/home/clara/ros2_ws/src/install/uav_following/share/uav_following/package.sh'
[3.341s] INFO:colcon.colcon_core.shell:Creating package script '/home/clara/ros2_ws/src/install/uav_following/share/uav_following/package.bash'
[3.341s] INFO:colcon.colcon_core.shell:Creating package script '/home/clara/ros2_ws/src/install/uav_following/share/uav_following/package.zsh'
[3.341s] Level 1:colcon.colcon_core.environment:create_file_with_runtime_dependencies(/home/clara/ros2_ws/src/install/uav_following/share/colcon-core/packages/uav_following)
[3.383s] Level 1:colcon.colcon_core.environment:checking '/home/clara/ros2_ws/src/install/vtol_apriltag_control' for CMake module files
[3.384s] DEBUG:colcon.colcon_core.event_handler.log_command:Invoked command in '/home/clara/ros2_ws/src/vtol_apriltag_control' returned '0': PYTHONPATH=/home/clara/ros2_ws/src/build/vtol_apriltag_control/prefix_override:/usr/lib/python3/dist-packages/colcon_core/task/python/colcon_distutils_commands:/home/clara/ros2_ws/src/install/vtol_apriltag_control/lib/python3.10/site-packages:${PYTHONPATH} /usr/bin/python3 -W ignore:setup.py install is deprecated -W ignore:easy_install command is deprecated setup.py egg_info --egg-base ../build/vtol_apriltag_control build --build-base /home/clara/ros2_ws/src/build/vtol_apriltag_control/build install --record /home/clara/ros2_ws/src/build/vtol_apriltag_control/install.log --single-version-externally-managed install_data
[3.384s] Level 1:colcon.colcon_core.environment:checking '/home/clara/ros2_ws/src/install/vtol_apriltag_control' for CMake config files
[3.386s] Level 1:colcon.colcon_core.environment:checking '/home/clara/ros2_ws/src/install/vtol_apriltag_control/lib'
[3.386s] Level 1:colcon.colcon_core.environment:checking '/home/clara/ros2_ws/src/install/vtol_apriltag_control/bin'
[3.386s] Level 1:colcon.colcon_core.environment:checking '/home/clara/ros2_ws/src/install/vtol_apriltag_control/lib/pkgconfig/vtol_apriltag_control.pc'
[3.386s] Level 1:colcon.colcon_core.environment:checking '/home/clara/ros2_ws/src/install/vtol_apriltag_control/lib/python3.10/site-packages'
[3.386s] Level 1:colcon.colcon_core.shell:create_environment_hook('vtol_apriltag_control', 'pythonpath')
[3.387s] INFO:colcon.colcon_core.shell:Creating environment hook '/home/clara/ros2_ws/src/install/vtol_apriltag_control/share/vtol_apriltag_control/hook/pythonpath.ps1'
[3.388s] INFO:colcon.colcon_core.shell:Creating environment descriptor '/home/clara/ros2_ws/src/install/vtol_apriltag_control/share/vtol_apriltag_control/hook/pythonpath.dsv'
[3.389s] INFO:colcon.colcon_core.shell:Creating environment hook '/home/clara/ros2_ws/src/install/vtol_apriltag_control/share/vtol_apriltag_control/hook/pythonpath.sh'
[3.389s] Level 1:colcon.colcon_core.environment:checking '/home/clara/ros2_ws/src/install/vtol_apriltag_control/bin'
[3.389s] Level 1:colcon.colcon_core.environment:create_environment_scripts_only(vtol_apriltag_control)
[3.390s] INFO:colcon.colcon_core.shell:Creating package script '/home/clara/ros2_ws/src/install/vtol_apriltag_control/share/vtol_apriltag_control/package.ps1'
[3.390s] INFO:colcon.colcon_core.shell:Creating package descriptor '/home/clara/ros2_ws/src/install/vtol_apriltag_control/share/vtol_apriltag_control/package.dsv'
[3.391s] INFO:colcon.colcon_core.shell:Creating package script '/home/clara/ros2_ws/src/install/vtol_apriltag_control/share/vtol_apriltag_control/package.sh'
[3.391s] INFO:colcon.colcon_core.shell:Creating package script '/home/clara/ros2_ws/src/install/vtol_apriltag_control/share/vtol_apriltag_control/package.bash'
[3.391s] INFO:colcon.colcon_core.shell:Creating package script '/home/clara/ros2_ws/src/install/vtol_apriltag_control/share/vtol_apriltag_control/package.zsh'
[3.392s] Level 1:colcon.colcon_core.environment:create_file_with_runtime_dependencies(/home/clara/ros2_ws/src/install/vtol_apriltag_control/share/colcon-core/packages/vtol_apriltag_control)
[3.392s] DEBUG:colcon.colcon_parallel_executor.executor.parallel:closing loop
[3.393s] DEBUG:colcon.colcon_parallel_executor.executor.parallel:loop closed
[3.393s] DEBUG:colcon.colcon_parallel_executor.executor.parallel:run_until_complete finished with '0'
[3.393s] DEBUG:colcon.colcon_core.event_reactor:joining thread
[3.399s] INFO:colcon.colcon_core.plugin_system:Skipping extension 'colcon_notification.desktop_notification.terminal_notifier': Not used on non-Darwin systems
[3.399s] INFO:colcon.colcon_core.plugin_system:Skipping extension 'colcon_notification.desktop_notification.win32': Not used on non-Windows systems
[3.399s] INFO:colcon.colcon_notification.desktop_notification:Sending desktop notification using 'notify2'
[3.410s] DEBUG:colcon.colcon_core.event_reactor:joined thread
[3.410s] INFO:colcon.colcon_core.shell:Creating prefix script '/home/clara/ros2_ws/src/install/local_setup.ps1'
[3.412s] INFO:colcon.colcon_core.shell:Creating prefix util module '/home/clara/ros2_ws/src/install/_local_setup_util_ps1.py'
[3.413s] INFO:colcon.colcon_core.shell:Creating prefix chain script '/home/clara/ros2_ws/src/install/setup.ps1'
[3.415s] INFO:colcon.colcon_core.shell:Creating prefix script '/home/clara/ros2_ws/src/install/local_setup.sh'
[3.416s] INFO:colcon.colcon_core.shell:Creating prefix util module '/home/clara/ros2_ws/src/install/_local_setup_util_sh.py'
[3.417s] INFO:colcon.colcon_core.shell:Creating prefix chain script '/home/clara/ros2_ws/src/install/setup.sh'
[3.418s] INFO:colcon.colcon_core.shell:Creating prefix script '/home/clara/ros2_ws/src/install/local_setup.bash'
[3.419s] INFO:colcon.colcon_core.shell:Creating prefix chain script '/home/clara/ros2_ws/src/install/setup.bash'
[3.421s] INFO:colcon.colcon_core.shell:Creating prefix script '/home/clara/ros2_ws/src/install/local_setup.zsh'
[3.423s] INFO:colcon.colcon_core.shell:Creating prefix chain script '/home/clara/ros2_ws/src/install/setup.zsh'
