/home/clara/.local/lib/python3.10/site-packages/setuptools/_distutils/dist.py:289: UserWarning: Unknown distribution option: 'tests_require'
  warnings.warn(msg)
running egg_info
writing ../build/uav_control/uav_control.egg-info/PKG-INFO
writing dependency_links to ../build/uav_control/uav_control.egg-info/dependency_links.txt
writing entry points to ../build/uav_control/uav_control.egg-info/entry_points.txt
writing requirements to ../build/uav_control/uav_control.egg-info/requires.txt
writing top-level names to ../build/uav_control/uav_control.egg-info/top_level.txt
reading manifest file '../build/uav_control/uav_control.egg-info/SOURCES.txt'
writing manifest file '../build/uav_control/uav_control.egg-info/SOURCES.txt'
running build
running build_py
copying uav_control/flight_controller.py -> /home/clara/ros2_ws/src/build/uav_control/build/lib/uav_control
copying uav_control/__init__.py -> /home/clara/ros2_ws/src/build/uav_control/build/lib/uav_control
copying uav_control/gps_follower.py -> /home/clara/ros2_ws/src/build/uav_control/build/lib/uav_control
running install
running install_lib
running install_data
copying package.xml -> /home/clara/ros2_ws/src/install/uav_control/share/uav_control
running install_egg_info
removing '/home/clara/ros2_ws/src/install/uav_control/lib/python3.10/site-packages/uav_control-0.0.1-py3.10.egg-info' (and everything under it)
Copying ../build/uav_control/uav_control.egg-info to /home/clara/ros2_ws/src/install/uav_control/lib/python3.10/site-packages/uav_control-0.0.1-py3.10.egg-info
running install_scripts
Installing flight_controller script to /home/clara/ros2_ws/src/install/uav_control/lib/uav_control
Installing gps_follower script to /home/clara/ros2_ws/src/install/uav_control/lib/uav_control
writing list of installed files to '/home/clara/ros2_ws/src/build/uav_control/install.log'
