running egg_info
creating ../build/my_dual_nodes/my_dual_nodes.egg-info
writing ../build/my_dual_nodes/my_dual_nodes.egg-info/PKG-INFO
writing dependency_links to ../build/my_dual_nodes/my_dual_nodes.egg-info/dependency_links.txt
writing entry points to ../build/my_dual_nodes/my_dual_nodes.egg-info/entry_points.txt
writing requirements to ../build/my_dual_nodes/my_dual_nodes.egg-info/requires.txt
writing top-level names to ../build/my_dual_nodes/my_dual_nodes.egg-info/top_level.txt
writing manifest file '../build/my_dual_nodes/my_dual_nodes.egg-info/SOURCES.txt'
reading manifest file '../build/my_dual_nodes/my_dual_nodes.egg-info/SOURCES.txt'
writing manifest file '../build/my_dual_nodes/my_dual_nodes.egg-info/SOURCES.txt'
running build
running build_py
creating /home/clara/ros2_ws/src/build/my_dual_nodes/build/lib/my_dual_nodes
copying my_dual_nodes/__init__.py -> /home/clara/ros2_ws/src/build/my_dual_nodes/build/lib/my_dual_nodes
copying my_dual_nodes/script1.py -> /home/clara/ros2_ws/src/build/my_dual_nodes/build/lib/my_dual_nodes
copying my_dual_nodes/script2.py -> /home/clara/ros2_ws/src/build/my_dual_nodes/build/lib/my_dual_nodes
running install
running install_lib
creating /home/clara/ros2_ws/src/install/my_dual_nodes/lib/python3.10/site-packages/my_dual_nodes
copying /home/clara/ros2_ws/src/build/my_dual_nodes/build/lib/my_dual_nodes/__init__.py -> /home/clara/ros2_ws/src/install/my_dual_nodes/lib/python3.10/site-packages/my_dual_nodes
copying /home/clara/ros2_ws/src/build/my_dual_nodes/build/lib/my_dual_nodes/script1.py -> /home/clara/ros2_ws/src/install/my_dual_nodes/lib/python3.10/site-packages/my_dual_nodes
copying /home/clara/ros2_ws/src/build/my_dual_nodes/build/lib/my_dual_nodes/script2.py -> /home/clara/ros2_ws/src/install/my_dual_nodes/lib/python3.10/site-packages/my_dual_nodes
byte-compiling /home/clara/ros2_ws/src/install/my_dual_nodes/lib/python3.10/site-packages/my_dual_nodes/__init__.py to __init__.cpython-310.pyc
byte-compiling /home/clara/ros2_ws/src/install/my_dual_nodes/lib/python3.10/site-packages/my_dual_nodes/script1.py to script1.cpython-310.pyc
byte-compiling /home/clara/ros2_ws/src/install/my_dual_nodes/lib/python3.10/site-packages/my_dual_nodes/script2.py to script2.cpython-310.pyc
running install_data
creating /home/clara/ros2_ws/src/install/my_dual_nodes/share/ament_index/resource_index/packages
copying resource/my_dual_nodes -> /home/clara/ros2_ws/src/install/my_dual_nodes/share/ament_index/resource_index/packages
copying package.xml -> /home/clara/ros2_ws/src/install/my_dual_nodes/share/my_dual_nodes
creating /home/clara/ros2_ws/src/install/my_dual_nodes/share/my_dual_nodes/launch
copying launch/dual_launch.py -> /home/clara/ros2_ws/src/install/my_dual_nodes/share/my_dual_nodes/launch
running install_egg_info
Copying ../build/my_dual_nodes/my_dual_nodes.egg-info to /home/clara/ros2_ws/src/install/my_dual_nodes/lib/python3.10/site-packages/my_dual_nodes-0.0.0-py3.10.egg-info
running install_scripts
Installing script1 script to /home/clara/ros2_ws/src/install/my_dual_nodes/lib/my_dual_nodes
Installing script2 script to /home/clara/ros2_ws/src/install/my_dual_nodes/lib/my_dual_nodes
writing list of installed files to '/home/clara/ros2_ws/src/build/my_dual_nodes/install.log'
