[2.020s] Invoking command in '/home/clara/ros2_ws/src/my_dual_nodes': PYTHONPATH=/home/clara/ros2_ws/src/build/my_dual_nodes/prefix_override:/usr/lib/python3/dist-packages/colcon_core/task/python/colcon_distutils_commands:/home/clara/ros2_ws/src/install/my_dual_nodes/lib/python3.10/site-packages:${PYTHONPATH} /usr/bin/python3 -W ignore:setup.py install is deprecated -W ignore:easy_install command is deprecated setup.py egg_info --egg-base ../build/my_dual_nodes build --build-base /home/clara/ros2_ws/src/build/my_dual_nodes/build install --record /home/clara/ros2_ws/src/build/my_dual_nodes/install.log --single-version-externally-managed install_data
[2.328s] running egg_info
[2.346s] creating ../build/my_dual_nodes/my_dual_nodes.egg-info
[2.346s] writing ../build/my_dual_nodes/my_dual_nodes.egg-info/PKG-INFO
[2.347s] writing dependency_links to ../build/my_dual_nodes/my_dual_nodes.egg-info/dependency_links.txt
[2.347s] writing entry points to ../build/my_dual_nodes/my_dual_nodes.egg-info/entry_points.txt
[2.347s] writing requirements to ../build/my_dual_nodes/my_dual_nodes.egg-info/requires.txt
[2.347s] writing top-level names to ../build/my_dual_nodes/my_dual_nodes.egg-info/top_level.txt
[2.347s] writing manifest file '../build/my_dual_nodes/my_dual_nodes.egg-info/SOURCES.txt'
[2.387s] reading manifest file '../build/my_dual_nodes/my_dual_nodes.egg-info/SOURCES.txt'
[2.388s] writing manifest file '../build/my_dual_nodes/my_dual_nodes.egg-info/SOURCES.txt'
[2.388s] running build
[2.388s] running build_py
[2.389s] creating /home/clara/ros2_ws/src/build/my_dual_nodes/build/lib/my_dual_nodes
[2.389s] copying my_dual_nodes/__init__.py -> /home/clara/ros2_ws/src/build/my_dual_nodes/build/lib/my_dual_nodes
[2.389s] copying my_dual_nodes/script1.py -> /home/clara/ros2_ws/src/build/my_dual_nodes/build/lib/my_dual_nodes
[2.389s] copying my_dual_nodes/script2.py -> /home/clara/ros2_ws/src/build/my_dual_nodes/build/lib/my_dual_nodes
[2.389s] running install
[2.398s] running install_lib
[2.415s] creating /home/clara/ros2_ws/src/install/my_dual_nodes/lib/python3.10/site-packages/my_dual_nodes
[2.415s] copying /home/clara/ros2_ws/src/build/my_dual_nodes/build/lib/my_dual_nodes/__init__.py -> /home/clara/ros2_ws/src/install/my_dual_nodes/lib/python3.10/site-packages/my_dual_nodes
[2.416s] copying /home/clara/ros2_ws/src/build/my_dual_nodes/build/lib/my_dual_nodes/script1.py -> /home/clara/ros2_ws/src/install/my_dual_nodes/lib/python3.10/site-packages/my_dual_nodes
[2.416s] copying /home/clara/ros2_ws/src/build/my_dual_nodes/build/lib/my_dual_nodes/script2.py -> /home/clara/ros2_ws/src/install/my_dual_nodes/lib/python3.10/site-packages/my_dual_nodes
[2.416s] byte-compiling /home/clara/ros2_ws/src/install/my_dual_nodes/lib/python3.10/site-packages/my_dual_nodes/__init__.py to __init__.cpython-310.pyc
[2.417s] byte-compiling /home/clara/ros2_ws/src/install/my_dual_nodes/lib/python3.10/site-packages/my_dual_nodes/script1.py to script1.cpython-310.pyc
[2.417s] byte-compiling /home/clara/ros2_ws/src/install/my_dual_nodes/lib/python3.10/site-packages/my_dual_nodes/script2.py to script2.cpython-310.pyc
[2.417s] running install_data
[2.418s] creating /home/clara/ros2_ws/src/install/my_dual_nodes/share/ament_index/resource_index/packages
[2.418s] copying resource/my_dual_nodes -> /home/clara/ros2_ws/src/install/my_dual_nodes/share/ament_index/resource_index/packages
[2.418s] copying package.xml -> /home/clara/ros2_ws/src/install/my_dual_nodes/share/my_dual_nodes
[2.418s] creating /home/clara/ros2_ws/src/install/my_dual_nodes/share/my_dual_nodes/launch
[2.418s] copying launch/dual_launch.py -> /home/clara/ros2_ws/src/install/my_dual_nodes/share/my_dual_nodes/launch
[2.418s] running install_egg_info
[2.448s] Copying ../build/my_dual_nodes/my_dual_nodes.egg-info to /home/clara/ros2_ws/src/install/my_dual_nodes/lib/python3.10/site-packages/my_dual_nodes-0.0.0-py3.10.egg-info
[2.449s] running install_scripts
[2.663s] Installing script1 script to /home/clara/ros2_ws/src/install/my_dual_nodes/lib/my_dual_nodes
[2.663s] Installing script2 script to /home/clara/ros2_ws/src/install/my_dual_nodes/lib/my_dual_nodes
[2.664s] writing list of installed files to '/home/clara/ros2_ws/src/build/my_dual_nodes/install.log'
[2.728s] Invoked command in '/home/clara/ros2_ws/src/my_dual_nodes' returned '0': PYTHONPATH=/home/clara/ros2_ws/src/build/my_dual_nodes/prefix_override:/usr/lib/python3/dist-packages/colcon_core/task/python/colcon_distutils_commands:/home/clara/ros2_ws/src/install/my_dual_nodes/lib/python3.10/site-packages:${PYTHONPATH} /usr/bin/python3 -W ignore:setup.py install is deprecated -W ignore:easy_install command is deprecated setup.py egg_info --egg-base ../build/my_dual_nodes build --build-base /home/clara/ros2_ws/src/build/my_dual_nodes/build install --record /home/clara/ros2_ws/src/build/my_dual_nodes/install.log --single-version-externally-managed install_data
