[1.991s] Invoking command in '/home/clara/ros2_ws/src/apriltag_detection': PYTHONPATH=/home/clara/ros2_ws/src/build/apriltag_detection/prefix_override:/usr/lib/python3/dist-packages/colcon_core/task/python/colcon_distutils_commands:/home/clara/ros2_ws/src/install/apriltag_detection/lib/python3.10/site-packages:${PYTHONPATH} /usr/bin/python3 -W ignore:setup.py install is deprecated -W ignore:easy_install command is deprecated setup.py egg_info --egg-base ../build/apriltag_detection build --build-base /home/clara/ros2_ws/src/build/apriltag_detection/build install --record /home/clara/ros2_ws/src/build/apriltag_detection/install.log --single-version-externally-managed install_data
[2.291s] running egg_info
[2.308s] writing ../build/apriltag_detection/apriltag_detection.egg-info/PKG-INFO
[2.309s] writing dependency_links to ../build/apriltag_detection/apriltag_detection.egg-info/dependency_links.txt
[2.309s] writing entry points to ../build/apriltag_detection/apriltag_detection.egg-info/entry_points.txt
[2.309s] writing requirements to ../build/apriltag_detection/apriltag_detection.egg-info/requires.txt
[2.309s] writing top-level names to ../build/apriltag_detection/apriltag_detection.egg-info/top_level.txt
[2.346s] reading manifest file '../build/apriltag_detection/apriltag_detection.egg-info/SOURCES.txt'
[2.348s] writing manifest file '../build/apriltag_detection/apriltag_detection.egg-info/SOURCES.txt'
[2.348s] running build
[2.348s] running build_py
[2.348s] copying apriltag_detection/apriltag_detector.py -> /home/clara/ros2_ws/src/build/apriltag_detection/build/lib/apriltag_detection
[2.348s] copying apriltag_detection/__init__.py -> /home/clara/ros2_ws/src/build/apriltag_detection/build/lib/apriltag_detection
[2.349s] running install
[2.356s] running install_lib
[2.373s] running install_data
[2.373s] copying package.xml -> /home/clara/ros2_ws/src/install/apriltag_detection/share/apriltag_detection
[2.374s] copying resource/apriltag_detection -> /home/clara/ros2_ws/src/install/apriltag_detection/share/ament_index/resource_index/packages
[2.374s] running install_egg_info
[2.395s] removing '/home/clara/ros2_ws/src/install/apriltag_detection/lib/python3.10/site-packages/apriltag_detection-0.0.1-py3.10.egg-info' (and everything under it)
[2.395s] Copying ../build/apriltag_detection/apriltag_detection.egg-info to /home/clara/ros2_ws/src/install/apriltag_detection/lib/python3.10/site-packages/apriltag_detection-0.0.1-py3.10.egg-info
[2.396s] running install_scripts
[2.546s] Installing apriltag_detector script to /home/clara/ros2_ws/src/install/apriltag_detection/lib/apriltag_detection
[2.546s] writing list of installed files to '/home/clara/ros2_ws/src/build/apriltag_detection/install.log'
[2.621s] Invoked command in '/home/clara/ros2_ws/src/apriltag_detection' returned '0': PYTHONPATH=/home/clara/ros2_ws/src/build/apriltag_detection/prefix_override:/usr/lib/python3/dist-packages/colcon_core/task/python/colcon_distutils_commands:/home/clara/ros2_ws/src/install/apriltag_detection/lib/python3.10/site-packages:${PYTHONPATH} /usr/bin/python3 -W ignore:setup.py install is deprecated -W ignore:easy_install command is deprecated setup.py egg_info --egg-base ../build/apriltag_detection build --build-base /home/clara/ros2_ws/src/build/apriltag_detection/build install --record /home/clara/ros2_ws/src/build/apriltag_detection/install.log --single-version-externally-managed install_data
