running egg_info
writing ../build/uav_following/uav_following.egg-info/PKG-INFO
writing dependency_links to ../build/uav_following/uav_following.egg-info/dependency_links.txt
writing entry points to ../build/uav_following/uav_following.egg-info/entry_points.txt
writing requirements to ../build/uav_following/uav_following.egg-info/requires.txt
writing top-level names to ../build/uav_following/uav_following.egg-info/top_level.txt
reading manifest file '../build/uav_following/uav_following.egg-info/SOURCES.txt'
writing manifest file '../build/uav_following/uav_following.egg-info/SOURCES.txt'
running build
running build_py
copying uav_following/pbvs_landing.py -> /home/clara/ros2_ws/src/build/uav_following/build/lib/uav_following
copying uav_following/__init__.py -> /home/clara/ros2_ws/src/build/uav_following/build/lib/uav_following
copying uav_following/gps_follower.py -> /home/clara/ros2_ws/src/build/uav_following/build/lib/uav_following
running install
running install_lib
running install_data
copying package.xml -> /home/clara/ros2_ws/src/install/uav_following/share/uav_following
copying resource/uav_following -> /home/clara/ros2_ws/src/install/uav_following/share/ament_index/resource_index/packages
copying launch/uav_following_launch.py -> /home/clara/ros2_ws/src/install/uav_following/share/uav_following/launch
running install_egg_info
removing '/home/clara/ros2_ws/src/install/uav_following/lib/python3.10/site-packages/uav_following-0.0.1-py3.10.egg-info' (and everything under it)
Copying ../build/uav_following/uav_following.egg-info to /home/clara/ros2_ws/src/install/uav_following/lib/python3.10/site-packages/uav_following-0.0.1-py3.10.egg-info
running install_scripts
Installing gps_follower script to /home/clara/ros2_ws/src/install/uav_following/lib/uav_following
Installing pbvs_landing script to /home/clara/ros2_ws/src/install/uav_following/lib/uav_following
writing list of installed files to '/home/clara/ros2_ws/src/build/uav_following/install.log'
