[1.991s] Invoking command in '/home/clara/ros2_ws/src/uav_following': PYTHONPATH=/home/clara/ros2_ws/src/build/uav_following/prefix_override:/usr/lib/python3/dist-packages/colcon_core/task/python/colcon_distutils_commands:/home/clara/ros2_ws/src/install/uav_following/lib/python3.10/site-packages:${PYTHONPATH} /usr/bin/python3 -W ignore:setup.py install is deprecated -W ignore:easy_install command is deprecated setup.py egg_info --egg-base ../build/uav_following build --build-base /home/clara/ros2_ws/src/build/uav_following/build install --record /home/clara/ros2_ws/src/build/uav_following/install.log --single-version-externally-managed install_data
[2.299s] running egg_info
[2.317s] writing ../build/uav_following/uav_following.egg-info/PKG-INFO
[2.318s] writing dependency_links to ../build/uav_following/uav_following.egg-info/dependency_links.txt
[2.318s] writing entry points to ../build/uav_following/uav_following.egg-info/entry_points.txt
[2.318s] writing requirements to ../build/uav_following/uav_following.egg-info/requires.txt
[2.318s] writing top-level names to ../build/uav_following/uav_following.egg-info/top_level.txt
[2.355s] reading manifest file '../build/uav_following/uav_following.egg-info/SOURCES.txt'
[2.357s] writing manifest file '../build/uav_following/uav_following.egg-info/SOURCES.txt'
[2.357s] running build
[2.358s] running build_py
[2.358s] copying uav_following/pbvs_landing.py -> /home/clara/ros2_ws/src/build/uav_following/build/lib/uav_following
[2.358s] copying uav_following/__init__.py -> /home/clara/ros2_ws/src/build/uav_following/build/lib/uav_following
[2.358s] copying uav_following/gps_follower.py -> /home/clara/ros2_ws/src/build/uav_following/build/lib/uav_following
[2.358s] running install
[2.364s] running install_lib
[2.382s] running install_data
[2.383s] copying package.xml -> /home/clara/ros2_ws/src/install/uav_following/share/uav_following
[2.383s] copying resource/uav_following -> /home/clara/ros2_ws/src/install/uav_following/share/ament_index/resource_index/packages
[2.383s] copying launch/uav_following_launch.py -> /home/clara/ros2_ws/src/install/uav_following/share/uav_following/launch
[2.383s] running install_egg_info
[2.404s] removing '/home/clara/ros2_ws/src/install/uav_following/lib/python3.10/site-packages/uav_following-0.0.1-py3.10.egg-info' (and everything under it)
[2.404s] Copying ../build/uav_following/uav_following.egg-info to /home/clara/ros2_ws/src/install/uav_following/lib/python3.10/site-packages/uav_following-0.0.1-py3.10.egg-info
[2.405s] running install_scripts
[2.554s] Installing gps_follower script to /home/clara/ros2_ws/src/install/uav_following/lib/uav_following
[2.554s] Installing pbvs_landing script to /home/clara/ros2_ws/src/install/uav_following/lib/uav_following
[2.555s] writing list of installed files to '/home/clara/ros2_ws/src/build/uav_following/install.log'
[2.630s] Invoked command in '/home/clara/ros2_ws/src/uav_following' returned '0': PYTHONPATH=/home/clara/ros2_ws/src/build/uav_following/prefix_override:/usr/lib/python3/dist-packages/colcon_core/task/python/colcon_distutils_commands:/home/clara/ros2_ws/src/install/uav_following/lib/python3.10/site-packages:${PYTHONPATH} /usr/bin/python3 -W ignore:setup.py install is deprecated -W ignore:easy_install command is deprecated setup.py egg_info --egg-base ../build/uav_following build --build-base /home/clara/ros2_ws/src/build/uav_following/build install --record /home/clara/ros2_ws/src/build/uav_following/install.log --single-version-externally-managed install_data
