[1.956s] Invoking command in '/home/clara/ros2_ws/src/my_dual_nodes': PYTHONPATH=/home/clara/ros2_ws/src/build/my_dual_nodes/prefix_override:/usr/lib/python3/dist-packages/colcon_core/task/python/colcon_distutils_commands:/home/clara/ros2_ws/src/install/my_dual_nodes/lib/python3.10/site-packages:${PYTHONPATH} /usr/bin/python3 -W ignore:setup.py install is deprecated -W ignore:easy_install command is deprecated setup.py egg_info --egg-base ../build/my_dual_nodes build --build-base /home/clara/ros2_ws/src/build/my_dual_nodes/build install --record /home/clara/ros2_ws/src/build/my_dual_nodes/install.log --single-version-externally-managed install_data
[2.264s] running egg_info
[2.284s] writing ../build/my_dual_nodes/my_dual_nodes.egg-info/PKG-INFO
[2.284s] writing dependency_links to ../build/my_dual_nodes/my_dual_nodes.egg-info/dependency_links.txt
[2.285s] writing entry points to ../build/my_dual_nodes/my_dual_nodes.egg-info/entry_points.txt
[2.285s] writing requirements to ../build/my_dual_nodes/my_dual_nodes.egg-info/requires.txt
[2.285s] writing top-level names to ../build/my_dual_nodes/my_dual_nodes.egg-info/top_level.txt
[2.322s] reading manifest file '../build/my_dual_nodes/my_dual_nodes.egg-info/SOURCES.txt'
[2.324s] writing manifest file '../build/my_dual_nodes/my_dual_nodes.egg-info/SOURCES.txt'
[2.325s] running build
[2.325s] running build_py
[2.325s] copying my_dual_nodes/__init__.py -> /home/clara/ros2_ws/src/build/my_dual_nodes/build/lib/my_dual_nodes
[2.325s] copying my_dual_nodes/script1.py -> /home/clara/ros2_ws/src/build/my_dual_nodes/build/lib/my_dual_nodes
[2.325s] copying my_dual_nodes/script2.py -> /home/clara/ros2_ws/src/build/my_dual_nodes/build/lib/my_dual_nodes
[2.325s] running install
[2.332s] running install_lib
[2.350s] running install_data
[2.350s] copying resource/my_dual_nodes -> /home/clara/ros2_ws/src/install/my_dual_nodes/share/ament_index/resource_index/packages
[2.351s] copying package.xml -> /home/clara/ros2_ws/src/install/my_dual_nodes/share/my_dual_nodes
[2.351s] copying launch/dual_launch.py -> /home/clara/ros2_ws/src/install/my_dual_nodes/share/my_dual_nodes/launch
[2.351s] running install_egg_info
[2.370s] removing '/home/clara/ros2_ws/src/install/my_dual_nodes/lib/python3.10/site-packages/my_dual_nodes-0.0.0-py3.10.egg-info' (and everything under it)
[2.370s] Copying ../build/my_dual_nodes/my_dual_nodes.egg-info to /home/clara/ros2_ws/src/install/my_dual_nodes/lib/python3.10/site-packages/my_dual_nodes-0.0.0-py3.10.egg-info
[2.371s] running install_scripts
[2.520s] Installing script1 script to /home/clara/ros2_ws/src/install/my_dual_nodes/lib/my_dual_nodes
[2.520s] Installing script2 script to /home/clara/ros2_ws/src/install/my_dual_nodes/lib/my_dual_nodes
[2.520s] writing list of installed files to '/home/clara/ros2_ws/src/build/my_dual_nodes/install.log'
[2.579s] Invoked command in '/home/clara/ros2_ws/src/my_dual_nodes' returned '0': PYTHONPATH=/home/clara/ros2_ws/src/build/my_dual_nodes/prefix_override:/usr/lib/python3/dist-packages/colcon_core/task/python/colcon_distutils_commands:/home/clara/ros2_ws/src/install/my_dual_nodes/lib/python3.10/site-packages:${PYTHONPATH} /usr/bin/python3 -W ignore:setup.py install is deprecated -W ignore:easy_install command is deprecated setup.py egg_info --egg-base ../build/my_dual_nodes build --build-base /home/clara/ros2_ws/src/build/my_dual_nodes/build install --record /home/clara/ros2_ws/src/build/my_dual_nodes/install.log --single-version-externally-managed install_data
