running egg_info
writing ../build/uav_mission/uav_mission.egg-info/PKG-INFO
writing dependency_links to ../build/uav_mission/uav_mission.egg-info/dependency_links.txt
writing entry points to ../build/uav_mission/uav_mission.egg-info/entry_points.txt
writing requirements to ../build/uav_mission/uav_mission.egg-info/requires.txt
writing top-level names to ../build/uav_mission/uav_mission.egg-info/top_level.txt
reading manifest file '../build/uav_mission/uav_mission.egg-info/SOURCES.txt'
writing manifest file '../build/uav_mission/uav_mission.egg-info/SOURCES.txt'
running build
running build_py
copying uav_mission/apriltag_detector.py -> /home/clara/ros2_ws/src/build/uav_mission/build/lib/uav_mission
copying uav_mission/__init__.py -> /home/clara/ros2_ws/src/build/uav_mission/build/lib/uav_mission
copying uav_mission/gps_follower.py -> /home/clara/ros2_ws/src/build/uav_mission/build/lib/uav_mission
running install
running install_lib
running install_data
copying resource/uav_mission -> /home/clara/ros2_ws/src/install/uav_mission/share/ament_index/resource_index/packages
copying package.xml -> /home/clara/ros2_ws/src/install/uav_mission/share/uav_mission
copying launch/uav_mission_launch.py -> /home/clara/ros2_ws/src/install/uav_mission/share/uav_mission/launch
running install_egg_info
removing '/home/clara/ros2_ws/src/install/uav_mission/lib/python3.10/site-packages/uav_mission-0.0.1-py3.10.egg-info' (and everything under it)
Copying ../build/uav_mission/uav_mission.egg-info to /home/clara/ros2_ws/src/install/uav_mission/lib/python3.10/site-packages/uav_mission-0.0.1-py3.10.egg-info
running install_scripts
Installing apriltag_detector script to /home/clara/ros2_ws/src/install/uav_mission/lib/uav_mission
Installing gps_follower script to /home/clara/ros2_ws/src/install/uav_mission/lib/uav_mission
writing list of installed files to '/home/clara/ros2_ws/src/build/uav_mission/install.log'
