[1.917s] Invoking command in '/home/clara/ros2_ws/src/uav_mission': PYTHONPATH=/home/clara/ros2_ws/src/build/uav_mission/prefix_override:/usr/lib/python3/dist-packages/colcon_core/task/python/colcon_distutils_commands:/home/clara/ros2_ws/src/install/uav_mission/lib/python3.10/site-packages:${PYTHONPATH} /usr/bin/python3 -W ignore:setup.py install is deprecated -W ignore:easy_install command is deprecated setup.py egg_info --egg-base ../build/uav_mission build --build-base /home/clara/ros2_ws/src/build/uav_mission/build install --record /home/clara/ros2_ws/src/build/uav_mission/install.log --single-version-externally-managed install_data
[2.206s] running egg_info
[2.223s] writing ../build/uav_mission/uav_mission.egg-info/PKG-INFO
[2.224s] writing dependency_links to ../build/uav_mission/uav_mission.egg-info/dependency_links.txt
[2.224s] writing entry points to ../build/uav_mission/uav_mission.egg-info/entry_points.txt
[2.224s] writing requirements to ../build/uav_mission/uav_mission.egg-info/requires.txt
[2.225s] writing top-level names to ../build/uav_mission/uav_mission.egg-info/top_level.txt
[2.261s] reading manifest file '../build/uav_mission/uav_mission.egg-info/SOURCES.txt'
[2.263s] writing manifest file '../build/uav_mission/uav_mission.egg-info/SOURCES.txt'
[2.263s] running build
[2.263s] running build_py
[2.264s] copying uav_mission/apriltag_detector.py -> /home/clara/ros2_ws/src/build/uav_mission/build/lib/uav_mission
[2.264s] copying uav_mission/__init__.py -> /home/clara/ros2_ws/src/build/uav_mission/build/lib/uav_mission
[2.264s] copying uav_mission/gps_follower.py -> /home/clara/ros2_ws/src/build/uav_mission/build/lib/uav_mission
[2.264s] running install
[2.271s] running install_lib
[2.289s] running install_data
[2.289s] copying resource/uav_mission -> /home/clara/ros2_ws/src/install/uav_mission/share/ament_index/resource_index/packages
[2.290s] copying package.xml -> /home/clara/ros2_ws/src/install/uav_mission/share/uav_mission
[2.291s] copying launch/uav_mission_launch.py -> /home/clara/ros2_ws/src/install/uav_mission/share/uav_mission/launch
[2.291s] running install_egg_info
[2.309s] removing '/home/clara/ros2_ws/src/install/uav_mission/lib/python3.10/site-packages/uav_mission-0.0.1-py3.10.egg-info' (and everything under it)
[2.309s] Copying ../build/uav_mission/uav_mission.egg-info to /home/clara/ros2_ws/src/install/uav_mission/lib/python3.10/site-packages/uav_mission-0.0.1-py3.10.egg-info
[2.310s] running install_scripts
[2.467s] Installing apriltag_detector script to /home/clara/ros2_ws/src/install/uav_mission/lib/uav_mission
[2.467s] Installing gps_follower script to /home/clara/ros2_ws/src/install/uav_mission/lib/uav_mission
[2.468s] writing list of installed files to '/home/clara/ros2_ws/src/build/uav_mission/install.log'
[2.530s] Invoked command in '/home/clara/ros2_ws/src/uav_mission' returned '0': PYTHONPATH=/home/clara/ros2_ws/src/build/uav_mission/prefix_override:/usr/lib/python3/dist-packages/colcon_core/task/python/colcon_distutils_commands:/home/clara/ros2_ws/src/install/uav_mission/lib/python3.10/site-packages:${PYTHONPATH} /usr/bin/python3 -W ignore:setup.py install is deprecated -W ignore:easy_install command is deprecated setup.py egg_info --egg-base ../build/uav_mission build --build-base /home/clara/ros2_ws/src/build/uav_mission/build install --record /home/clara/ros2_ws/src/build/uav_mission/install.log --single-version-externally-managed install_data
