[1.968s] Invoking command in '/home/clara/ros2_ws/src/uav_mission': PYTHONPATH=/home/clara/ros2_ws/src/build/uav_mission/prefix_override:/usr/lib/python3/dist-packages/colcon_core/task/python/colcon_distutils_commands:/home/clara/ros2_ws/src/install/uav_mission/lib/python3.10/site-packages:${PYTHONPATH} /usr/bin/python3 -W ignore:setup.py install is deprecated -W ignore:easy_install command is deprecated setup.py egg_info --egg-base ../build/uav_mission build --build-base /home/clara/ros2_ws/src/build/uav_mission/build install --record /home/clara/ros2_ws/src/build/uav_mission/install.log --single-version-externally-managed install_data
[2.275s] running egg_info
[2.293s] writing ../build/uav_mission/uav_mission.egg-info/PKG-INFO
[2.294s] writing dependency_links to ../build/uav_mission/uav_mission.egg-info/dependency_links.txt
[2.294s] writing entry points to ../build/uav_mission/uav_mission.egg-info/entry_points.txt
[2.294s] writing requirements to ../build/uav_mission/uav_mission.egg-info/requires.txt
[2.294s] writing top-level names to ../build/uav_mission/uav_mission.egg-info/top_level.txt
[2.335s] reading manifest file '../build/uav_mission/uav_mission.egg-info/SOURCES.txt'
[2.337s] writing manifest file '../build/uav_mission/uav_mission.egg-info/SOURCES.txt'
[2.337s] running build
[2.337s] running build_py
[2.337s] copying uav_mission/apriltag_detector.py -> /home/clara/ros2_ws/src/build/uav_mission/build/lib/uav_mission
[2.337s] copying uav_mission/__init__.py -> /home/clara/ros2_ws/src/build/uav_mission/build/lib/uav_mission
[2.338s] copying uav_mission/gps_follower.py -> /home/clara/ros2_ws/src/build/uav_mission/build/lib/uav_mission
[2.338s] running install
[2.344s] running install_lib
[2.363s] running install_data
[2.364s] copying resource/uav_mission -> /home/clara/ros2_ws/src/install/uav_mission/share/ament_index/resource_index/packages
[2.364s] copying package.xml -> /home/clara/ros2_ws/src/install/uav_mission/share/uav_mission
[2.364s] copying launch/uav_mission_launch.py -> /home/clara/ros2_ws/src/install/uav_mission/share/uav_mission/launch
[2.364s] running install_egg_info
[2.386s] removing '/home/clara/ros2_ws/src/install/uav_mission/lib/python3.10/site-packages/uav_mission-0.0.1-py3.10.egg-info' (and everything under it)
[2.386s] Copying ../build/uav_mission/uav_mission.egg-info to /home/clara/ros2_ws/src/install/uav_mission/lib/python3.10/site-packages/uav_mission-0.0.1-py3.10.egg-info
[2.387s] running install_scripts
[2.539s] Installing apriltag_detector script to /home/clara/ros2_ws/src/install/uav_mission/lib/uav_mission
[2.540s] Installing gps_follower script to /home/clara/ros2_ws/src/install/uav_mission/lib/uav_mission
[2.540s] writing list of installed files to '/home/clara/ros2_ws/src/build/uav_mission/install.log'
[2.619s] Invoked command in '/home/clara/ros2_ws/src/uav_mission' returned '0': PYTHONPATH=/home/clara/ros2_ws/src/build/uav_mission/prefix_override:/usr/lib/python3/dist-packages/colcon_core/task/python/colcon_distutils_commands:/home/clara/ros2_ws/src/install/uav_mission/lib/python3.10/site-packages:${PYTHONPATH} /usr/bin/python3 -W ignore:setup.py install is deprecated -W ignore:easy_install command is deprecated setup.py egg_info --egg-base ../build/uav_mission build --build-base /home/clara/ros2_ws/src/build/uav_mission/build install --record /home/clara/ros2_ws/src/build/uav_mission/install.log --single-version-externally-managed install_data
